2024-03-17 16:55:25.403 INFO  (main) [c: s: r: x: t:] o.e.j.s.Server jetty-10.0.19; built: 2023-12-15T20:38:32.477Z; git: 8492d1c78f122bb30cce20aecfa07e7283facd47; jvm 17.0.10+7
2024-03-17 16:55:25.597 WARN  (main) [c: s: r: x: t:] o.e.j.u.DeprecationWarning Using @Deprecated Class org.eclipse.jetty.servlet.listener.ELContextCleaner
2024-03-17 16:55:25.615 INFO  (main) [c: s: r: x: t:] o.a.s.s.CoreContainerProvider Using logger factory org.apache.logging.slf4j.Log4jLoggerFactory
2024-03-17 16:55:25.619 INFO  (main) [c: s: r: x: t:] o.a.s.s.CoreContainerProvider  ___      _       Welcome to Apache Solr™ version 9.5.0
2024-03-17 16:55:25.619 INFO  (main) [c: s: r: x: t:] o.a.s.s.CoreContainerProvider / __| ___| |_ _   Starting in standalone mode on port 8983
2024-03-17 16:55:25.619 INFO  (main) [c: s: r: x: t:] o.a.s.s.CoreContainerProvider \__ \/ _ \ | '_|  Install dir: /opt/solr-9.5.0
2024-03-17 16:55:25.619 INFO  (main) [c: s: r: x: t:] o.a.s.s.CoreContainerProvider |___/\___/_|_|    Start time: 2024-03-17T16:55:25.619904375Z
2024-03-17 16:55:25.621 INFO  (main) [c: s: r: x: t:] o.a.s.s.CoreContainerProvider Solr started with "-XX:+CrashOnOutOfMemoryError" that will crash on any OutOfMemoryError exception. The cause of the OOME will be logged in the crash file at the following path: /var/solr/logs/jvm_crash_14.log
2024-03-17 16:55:25.633 INFO  (main) [c: s: r: x: t:] o.a.s.s.CoreContainerProvider Solr Home: /var/solr/data (source: system property: solr.solr.home)
2024-03-17 16:55:25.645 INFO  (main) [c: s: r: x: t:] o.a.s.c.SolrXmlConfig solr.xml not found in SOLR_HOME, using built-in default
2024-03-17 16:55:25.645 INFO  (main) [c: s: r: x: t:] o.a.s.c.SolrXmlConfig Loading solr.xml from /opt/solr-9.5.0/server/solr/solr.xml
2024-03-17 16:55:25.668 INFO  (main) [c: s: r: x: t:] o.a.s.c.SolrResourceLoader Added 1 libs to classloader, from paths: [/opt/solr-9.5.0/lib]
2024-03-17 16:55:26.072 INFO  (main) [c: s: r: x: t:] o.a.s.u.t.SimplePropagator Always-on trace id generation enabled.
2024-03-17 16:55:26.271 WARN  (main) [c: s: r: x: t:] o.a.s.u.StartupLoggingUtils Jetty request logging enabled. Will retain logs for last 3 days. See chapter "Configuring Logging" in reference guide for how to configure.
2024-03-17 16:55:26.273 WARN  (main) [c: s: r: x: t:] o.a.s.c.CoreContainer Not all security plugins configured!  authentication=disabled authorization=disabled.  Solr is only as secure as you make it. Consider configuring authentication/authorization before exposing Solr to users internal or external.  See https://s.apache.org/solrsecurity for more info
2024-03-17 16:55:26.378 INFO  (main) [c: s: r: x: t:] o.a.s.c.CorePropertiesLocator Found 3 core definitions underneath /var/solr/data
2024-03-17 16:55:26.378 INFO  (main) [c: s: r: x: t:] o.a.s.c.CorePropertiesLocator Cores are: [restaurant, restaurant_solr, n11_products]
2024-03-17 16:55:26.415 INFO  (coreLoadExecutor-11-thread-1) [c: s: r: x:restaurant t:] o.a.s.c.SolrConfig Using Lucene MatchVersion: 9.9.0
2024-03-17 16:55:26.415 INFO  (coreLoadExecutor-11-thread-2) [c: s: r: x:restaurant_solr t:] o.a.s.c.SolrConfig Using Lucene MatchVersion: 9.9.0
2024-03-17 16:55:26.415 INFO  (coreLoadExecutor-11-thread-3) [c: s: r: x:n11_products t:] o.a.s.c.SolrConfig Using Lucene MatchVersion: 9.9.0
2024-03-17 16:55:26.490 INFO  (coreLoadExecutor-11-thread-2) [c: s: r: x:restaurant_solr t:] o.a.s.s.IndexSchema Schema name=default-config
2024-03-17 16:55:26.490 INFO  (coreLoadExecutor-11-thread-3) [c: s: r: x:n11_products t:] o.a.s.s.IndexSchema Schema name=default-config
2024-03-17 16:55:26.491 INFO  (coreLoadExecutor-11-thread-1) [c: s: r: x:restaurant t:] o.a.s.s.IndexSchema Schema name=default-config
2024-03-17 16:55:26.549 WARN  (main) [c: s: r: x: t:] o.g.j.m.i.MessagingBinders A class jakarta.activation.DataSource for a default provider MessageBodyWriter<jakarta.activation.DataSource> was not found. The provider is not available.
2024-03-17 16:55:26.685 INFO  (coreLoadExecutor-11-thread-1) [c: s: r: x:restaurant t:] o.a.s.s.IndexSchema Loaded schema default-config/1.6 with uniqueid field id
2024-03-17 16:55:26.685 INFO  (coreLoadExecutor-11-thread-2) [c: s: r: x:restaurant_solr t:] o.a.s.s.IndexSchema Loaded schema default-config/1.6 with uniqueid field id
2024-03-17 16:55:26.685 INFO  (coreLoadExecutor-11-thread-3) [c: s: r: x:n11_products t:] o.a.s.s.IndexSchema Loaded schema default-config/1.6 with uniqueid field id
2024-03-17 16:55:26.685 INFO  (coreLoadExecutor-11-thread-2) [c: s: r: x:restaurant_solr t:] o.a.s.c.CoreContainer Creating SolrCore 'restaurant_solr' using configuration from instancedir /var/solr/data/restaurant_solr, trusted=true
2024-03-17 16:55:26.685 INFO  (coreLoadExecutor-11-thread-1) [c: s: r: x:restaurant t:] o.a.s.c.CoreContainer Creating SolrCore 'restaurant' using configuration from instancedir /var/solr/data/restaurant, trusted=true
2024-03-17 16:55:26.685 INFO  (coreLoadExecutor-11-thread-3) [c: s: r: x:n11_products t:] o.a.s.c.CoreContainer Creating SolrCore 'n11_products' using configuration from instancedir /var/solr/data/n11_products, trusted=true
2024-03-17 16:55:26.703 INFO  (main) [c: s: r: x: t:] o.a.s.j.SolrRequestAuthorizer Creating a new SolrRequestAuthorizer
2024-03-17 16:55:26.715 INFO  (coreLoadExecutor-11-thread-3) [c: s: r: x:n11_products t:] o.a.s.c.SolrCore Opening new SolrCore at [/var/solr/data/n11_products], dataDir=[/var/solr/data/n11_products/data/]
2024-03-17 16:55:26.715 INFO  (coreLoadExecutor-11-thread-2) [c: s: r: x:restaurant_solr t:] o.a.s.c.SolrCore Opening new SolrCore at [/var/solr/data/restaurant_solr], dataDir=[/var/solr/data/restaurant_solr/data/]
2024-03-17 16:55:26.715 INFO  (coreLoadExecutor-11-thread-1) [c: s: r: x:restaurant t:] o.a.s.c.SolrCore Opening new SolrCore at [/var/solr/data/restaurant], dataDir=[/var/solr/data/restaurant/data/]
2024-03-17 16:55:26.784 INFO  (main) [c: s: r: x: t:] o.e.j.s.h.ContextHandler Started o.e.j.w.WebAppContext@21362712{solr-jetty-context.xml,/solr,file:///opt/solr-9.5.0/server/solr-webapp/webapp/,AVAILABLE}{/opt/solr-9.5.0/server/solr-webapp/webapp}
2024-03-17 16:55:26.788 INFO  (main) [c: s: r: x: t:] o.e.j.s.RequestLogWriter Opened /var/solr/logs/2024_03_17.request.log
2024-03-17 16:55:26.790 INFO  (main) [c: s: r: x: t:] o.e.j.s.AbstractConnector Started ServerConnector@666b83a4{HTTP/1.1, (http/1.1, h2c)}{0.0.0.0:8983}
2024-03-17 16:55:26.790 INFO  (main) [c: s: r: x: t:] o.e.j.s.Server Started Server@3e8f7922{STARTING}[10.0.19,sto=0] @2519ms
2024-03-17 16:55:27.246 INFO  (coreLoadExecutor-11-thread-2) [c: s: r: x:restaurant_solr t:] o.a.s.j.SolrRequestAuthorizer Creating a new SolrRequestAuthorizer
2024-03-17 16:55:27.247 INFO  (coreLoadExecutor-11-thread-3) [c: s: r: x:n11_products t:] o.a.s.j.SolrRequestAuthorizer Creating a new SolrRequestAuthorizer
2024-03-17 16:55:27.250 INFO  (coreLoadExecutor-11-thread-1) [c: s: r: x:restaurant t:] o.a.s.j.SolrRequestAuthorizer Creating a new SolrRequestAuthorizer
2024-03-17 16:55:27.258 INFO  (coreLoadExecutor-11-thread-1) [c: s: r: x:restaurant t:] o.a.s.u.UpdateHandler Using UpdateLog implementation: org.apache.solr.update.UpdateLog
2024-03-17 16:55:27.258 INFO  (coreLoadExecutor-11-thread-2) [c: s: r: x:restaurant_solr t:] o.a.s.u.UpdateHandler Using UpdateLog implementation: org.apache.solr.update.UpdateLog
2024-03-17 16:55:27.258 INFO  (coreLoadExecutor-11-thread-3) [c: s: r: x:n11_products t:] o.a.s.u.UpdateHandler Using UpdateLog implementation: org.apache.solr.update.UpdateLog
2024-03-17 16:55:27.258 INFO  (coreLoadExecutor-11-thread-1) [c: s: r: x:restaurant t:] o.a.s.u.UpdateLog Initializing UpdateLog: dataDir= defaultSyncLevel=FLUSH numRecordsToKeep=100 maxNumLogsToKeep=10 numVersionBuckets=65536
2024-03-17 16:55:27.258 INFO  (coreLoadExecutor-11-thread-2) [c: s: r: x:restaurant_solr t:] o.a.s.u.UpdateLog Initializing UpdateLog: dataDir= defaultSyncLevel=FLUSH numRecordsToKeep=100 maxNumLogsToKeep=10 numVersionBuckets=65536
2024-03-17 16:55:27.258 INFO  (coreLoadExecutor-11-thread-3) [c: s: r: x:n11_products t:] o.a.s.u.UpdateLog Initializing UpdateLog: dataDir= defaultSyncLevel=FLUSH numRecordsToKeep=100 maxNumLogsToKeep=10 numVersionBuckets=65536
2024-03-17 16:55:27.263 INFO  (coreLoadExecutor-11-thread-1) [c: s: r: x:restaurant t:] o.a.s.u.CommitTracker Hard AutoCommit: if uncommitted for 15000ms; 
2024-03-17 16:55:27.264 INFO  (coreLoadExecutor-11-thread-1) [c: s: r: x:restaurant t:] o.a.s.u.CommitTracker Soft AutoCommit: if uncommitted for 3000ms; 
2024-03-17 16:55:27.273 INFO  (coreLoadExecutor-11-thread-3) [c: s: r: x:n11_products t:] o.a.s.u.CommitTracker Hard AutoCommit: if uncommitted for 15000ms; 
2024-03-17 16:55:27.273 INFO  (coreLoadExecutor-11-thread-3) [c: s: r: x:n11_products t:] o.a.s.u.CommitTracker Soft AutoCommit: if uncommitted for 3000ms; 
2024-03-17 16:55:27.274 INFO  (coreLoadExecutor-11-thread-2) [c: s: r: x:restaurant_solr t:] o.a.s.u.CommitTracker Hard AutoCommit: if uncommitted for 15000ms; 
2024-03-17 16:55:27.274 INFO  (coreLoadExecutor-11-thread-2) [c: s: r: x:restaurant_solr t:] o.a.s.u.CommitTracker Soft AutoCommit: if uncommitted for 3000ms; 
2024-03-17 16:55:27.287 INFO  (coreLoadExecutor-11-thread-1) [c: s: r: x:restaurant t:] o.a.s.r.ManagedResourceStorage File-based storage initialized to use dir: /var/solr/data/restaurant/conf
2024-03-17 16:55:27.298 INFO  (coreLoadExecutor-11-thread-1) [c: s: r: x:restaurant t:] o.a.s.s.DirectSolrSpellChecker init: {name=default, field=_text_, classname=solr.DirectSolrSpellChecker, distanceMeasure=internal, maxEdits=2, minPrefix=1, maxInspections=5, minQueryLength=4, accuracy=0.5, maxQueryFrequency=0.01}
2024-03-17 16:55:27.304 INFO  (coreLoadExecutor-11-thread-1) [c: s: r: x:restaurant t:] o.a.s.h.ReplicationHandler Commits will be reserved for 10000 ms
2024-03-17 16:55:27.305 INFO  (searcherExecutor-17-thread-1-processing-restaurant) [c: s: r: x:restaurant t:] o.a.s.c.QuerySenderListener QuerySenderListener done.
2024-03-17 16:55:27.305 INFO  (searcherExecutor-17-thread-1-processing-restaurant) [c: s: r: x:restaurant t:] o.a.s.h.c.SpellCheckComponent Loading spell index for spellchecker: default
2024-03-17 16:55:27.308 INFO  (searcherExecutor-17-thread-1-processing-restaurant) [c: s: r: x:restaurant t:] o.a.s.c.SolrCore Registered new searcher autowarm time: 0 ms
2024-03-17 16:55:27.354 INFO  (coreLoadExecutor-11-thread-2) [c: s: r: x:restaurant_solr t:] o.a.s.r.ManagedResourceStorage File-based storage initialized to use dir: /var/solr/data/restaurant_solr/conf
2024-03-17 16:55:27.354 INFO  (coreLoadExecutor-11-thread-2) [c: s: r: x:restaurant_solr t:] o.a.s.s.DirectSolrSpellChecker init: {name=default, field=_text_, classname=solr.DirectSolrSpellChecker, distanceMeasure=internal, maxEdits=2, minPrefix=1, maxInspections=5, minQueryLength=4, accuracy=0.5, maxQueryFrequency=0.01}
2024-03-17 16:55:27.355 INFO  (coreLoadExecutor-11-thread-2) [c: s: r: x:restaurant_solr t:] o.a.s.h.ReplicationHandler Commits will be reserved for 10000 ms
2024-03-17 16:55:27.355 INFO  (searcherExecutor-14-thread-1-processing-restaurant_solr) [c: s: r: x:restaurant_solr t:] o.a.s.c.QuerySenderListener QuerySenderListener done.
2024-03-17 16:55:27.355 INFO  (searcherExecutor-14-thread-1-processing-restaurant_solr) [c: s: r: x:restaurant_solr t:] o.a.s.h.c.SpellCheckComponent Loading spell index for spellchecker: default
2024-03-17 16:55:27.356 INFO  (searcherExecutor-14-thread-1-processing-restaurant_solr) [c: s: r: x:restaurant_solr t:] o.a.s.c.SolrCore Registered new searcher autowarm time: 0 ms
2024-03-17 16:55:27.370 INFO  (coreLoadExecutor-11-thread-3) [c: s: r: x:n11_products t:] o.a.s.r.ManagedResourceStorage File-based storage initialized to use dir: /var/solr/data/n11_products/conf
2024-03-17 16:55:27.370 INFO  (coreLoadExecutor-11-thread-3) [c: s: r: x:n11_products t:] o.a.s.s.DirectSolrSpellChecker init: {name=default, field=_text_, classname=solr.DirectSolrSpellChecker, distanceMeasure=internal, maxEdits=2, minPrefix=1, maxInspections=5, minQueryLength=4, accuracy=0.5, maxQueryFrequency=0.01}
2024-03-17 16:55:27.371 INFO  (coreLoadExecutor-11-thread-3) [c: s: r: x:n11_products t:] o.a.s.h.ReplicationHandler Commits will be reserved for 10000 ms
2024-03-17 16:55:27.371 INFO  (searcherExecutor-15-thread-1-processing-n11_products) [c: s: r: x:n11_products t:] o.a.s.c.QuerySenderListener QuerySenderListener done.
2024-03-17 16:55:27.371 INFO  (searcherExecutor-15-thread-1-processing-n11_products) [c: s: r: x:n11_products t:] o.a.s.h.c.SpellCheckComponent Loading spell index for spellchecker: default
2024-03-17 16:55:27.372 INFO  (searcherExecutor-15-thread-1-processing-n11_products) [c: s: r: x:n11_products t:] o.a.s.c.SolrCore Registered new searcher autowarm time: 0 ms
2024-03-17 16:55:37.122 INFO  (qtp1415289182-24-null-3) [c: s: r: x: t:null-3] o.a.s.s.HttpSolrCall [admin] webapp=null path=/admin/cores params={indexInfo=false&wt=json&_=1710694537048} status=0 QTime=7
2024-03-17 16:55:37.140 INFO  (qtp1415289182-26-null-2) [c: s: r: x: t:null-2] o.a.s.s.HttpSolrCall [admin] webapp=null path=/admin/info/system params={wt=json&_=1710694537049} status=0 QTime=25
2024-03-17 16:55:37.187 INFO  (qtp1415289182-21-null-4) [c: s: r: x:restaurant_solr t:null-4] o.a.s.c.S.Request webapp=/solr path=/config params={wt=json&_=1710694537099} status=0 QTime=6
2024-03-17 16:55:37.192 INFO  (qtp1415289182-18-null-5) [c: s: r: x:restaurant_solr t:null-5] o.a.s.c.S.Request webapp=/solr path=/admin/luke params={show=schema&wt=json&_=1710694537099} status=0 QTime=9
2024-03-17 16:55:37.276 INFO  (qtp1415289182-19-null-6) [c: s: r: x:restaurant_solr t:null-6] o.a.s.c.S.Request webapp=/solr path=/admin/luke params={numTerms=0&wt=json&_=1710694537099} status=0 QTime=44
2024-03-17 16:55:42.473 INFO  (qtp1415289182-52-null-8) [c: s: r: x:restaurant t:null-8] o.a.s.c.S.Request webapp=/solr path=/admin/luke params={numTerms=0&show=index&wt=json&_=1710694537099} status=0 QTime=10
2024-03-17 16:55:42.473 INFO  (qtp1415289182-25-null-7) [c: s: r: x: t:null-7] o.a.s.s.HttpSolrCall [admin] webapp=null path=/admin/cores params={indexInfo=false&wt=json&_=1710694537048} status=0 QTime=9
2024-03-17 16:55:42.490 INFO  (qtp1415289182-20-null-9) [c: s: r: x:restaurant t:null-9] o.a.s.c.S.Request webapp=/solr path=/admin/ping params={action=status&wt=json&_=1710694537049&ts=1710694537049} status=503 QTime=28
2024-03-17 16:55:42.497 INFO  (qtp1415289182-54-null-10) [c: s: r: x:restaurant t:null-10] o.a.s.c.S.Request webapp=/solr path=/admin/system params={wt=json&_=1710694542424} status=0 QTime=35
2024-03-17 16:55:42.497 INFO  (qtp1415289182-24-null-12) [c: s: r: x: t:null-12] o.a.s.s.HttpSolrCall [admin] webapp=null path=/admin/info/system params={wt=json&_=1710694537049} status=0 QTime=35
2024-03-17 16:55:42.497 INFO  (qtp1415289182-21-null-11) [c: s: r: x:restaurant t:null-11] o.a.s.c.S.Request webapp=/solr path=/replication params={wt=json&command=details&_=1710694542425} status=0 QTime=36
2024-03-17 17:30:12.577 INFO  (qtp1415289182-55-null-13) [c: s: r: x:restaurant t:null-13] o.a.s.c.S.Request webapp=/solr path=/select params={q=*:*&start=0&rows=0&wt=javabin&version=2} hits=0 status=0 QTime=434
2024-03-17 17:31:30.435 INFO  (qtp1415289182-25-null-14) [c: s: r: x:restaurant t:null-14] o.a.s.s.ManagedIndexSchema Upgraded to managed schema at /var/solr/data/restaurant/conf/managed-schema.xml
2024-03-17 17:31:30.517 INFO  (qtp1415289182-25-null-14) [c: s: r: x:restaurant t:null-14] o.a.s.u.p.LogUpdateProcessorFactory webapp=/solr path=/update params={wt=javabin&version=2}{add=[39235159-f6d7-47ae-bcee-00023b06961e (1793795492880056320)]} 0 1200
2024-03-17 17:31:30.595 INFO  (searcherExecutor-17-thread-1-processing-restaurant null-15) [c: s: r: x:restaurant t:null-15] o.a.s.c.QuerySenderListener QuerySenderListener done.
2024-03-17 17:31:30.601 INFO  (searcherExecutor-17-thread-1-processing-restaurant null-15) [c: s: r: x:restaurant t:null-15] o.a.s.c.SolrCore Registered new searcher autowarm time: 6 ms
2024-03-17 17:31:30.605 INFO  (qtp1415289182-57-null-15) [c: s: r: x:restaurant t:null-15] o.a.s.u.p.LogUpdateProcessorFactory webapp=/solr path=/update params={waitSearcher=true&commit=true&softCommit=false&wt=javabin&version=2}{commit=} 0 81
2024-03-17 17:33:47.059 INFO  (qtp1415289182-20-null-16) [c: s: r: x:restaurant t:null-16] o.a.s.u.p.LogUpdateProcessorFactory webapp=/solr path=/update params={wt=javabin&version=2}{add=[2228d216-e1c7-4b79-a1be-dfb388f7efa7 (1793795636101906432)]} 0 37
2024-03-17 17:33:47.134 INFO  (searcherExecutor-17-thread-1-processing-restaurant null-17) [c: s: r: x:restaurant t:null-17] o.a.s.c.QuerySenderListener QuerySenderListener done.
2024-03-17 17:33:47.142 INFO  (searcherExecutor-17-thread-1-processing-restaurant null-17) [c: s: r: x:restaurant t:null-17] o.a.s.c.SolrCore Registered new searcher autowarm time: 1 ms
2024-03-17 17:33:47.143 INFO  (qtp1415289182-25-null-17) [c: s: r: x:restaurant t:null-17] o.a.s.u.p.LogUpdateProcessorFactory webapp=/solr path=/update params={waitSearcher=true&commit=true&softCommit=false&wt=javabin&version=2}{commit=} 0 79
2024-03-17 17:34:01.052 INFO  (qtp1415289182-20-null-18) [c: s: r: x:restaurant t:null-18] o.a.s.u.p.LogUpdateProcessorFactory webapp=/solr path=/update params={wt=javabin&version=2}{add=[4653d5be-04ef-4586-b905-9a1008889d7b (1793795650781970432)]} 0 28
2024-03-17 17:34:01.119 INFO  (searcherExecutor-17-thread-1-processing-restaurant null-19) [c: s: r: x:restaurant t:null-19] o.a.s.c.QuerySenderListener QuerySenderListener done.
2024-03-17 17:34:01.124 INFO  (searcherExecutor-17-thread-1-processing-restaurant null-19) [c: s: r: x:restaurant t:null-19] o.a.s.c.SolrCore Registered new searcher autowarm time: 0 ms
2024-03-17 17:34:01.125 INFO  (qtp1415289182-25-null-19) [c: s: r: x:restaurant t:null-19] o.a.s.u.p.LogUpdateProcessorFactory webapp=/solr path=/update params={waitSearcher=true&commit=true&softCommit=false&wt=javabin&version=2}{commit=} 0 67
2024-03-17 17:34:18.517 INFO  (qtp1415289182-20-null-20) [c: s: r: x:restaurant t:null-20] o.a.s.u.p.LogUpdateProcessorFactory webapp=/solr path=/update params={wt=javabin&version=2}{add=[0d9ebaaa-f01e-4020-864d-a7ef16150f7a (1793795669091155968)]} 0 30
2024-03-17 17:34:18.571 INFO  (searcherExecutor-17-thread-1-processing-restaurant null-21) [c: s: r: x:restaurant t:null-21] o.a.s.c.QuerySenderListener QuerySenderListener done.
2024-03-17 17:34:18.578 INFO  (searcherExecutor-17-thread-1-processing-restaurant null-21) [c: s: r: x:restaurant t:null-21] o.a.s.c.SolrCore Registered new searcher autowarm time: 0 ms
2024-03-17 17:34:18.580 INFO  (qtp1415289182-25-null-21) [c: s: r: x:restaurant t:null-21] o.a.s.u.p.LogUpdateProcessorFactory webapp=/solr path=/update params={waitSearcher=true&commit=true&softCommit=false&wt=javabin&version=2}{commit=} 0 58
2024-03-17 17:34:30.437 INFO  (qtp1415289182-20-null-22) [c: s: r: x:restaurant t:null-22] o.a.s.u.p.LogUpdateProcessorFactory webapp=/solr path=/update params={wt=javabin&version=2}{add=[f6aa22c9-cde5-4249-89cd-1d6d6cd9a398 (1793795681597521920)]} 0 24
2024-03-17 17:34:30.511 INFO  (searcherExecutor-17-thread-1-processing-restaurant null-23) [c: s: r: x:restaurant t:null-23] o.a.s.c.QuerySenderListener QuerySenderListener done.
2024-03-17 17:34:30.518 INFO  (searcherExecutor-17-thread-1-processing-restaurant null-23) [c: s: r: x:restaurant t:null-23] o.a.s.c.SolrCore Registered new searcher autowarm time: 0 ms
2024-03-17 17:34:30.519 INFO  (qtp1415289182-25-null-23) [c: s: r: x:restaurant t:null-23] o.a.s.u.p.LogUpdateProcessorFactory webapp=/solr path=/update params={waitSearcher=true&commit=true&softCommit=false&wt=javabin&version=2}{commit=} 0 76
2024-03-17 17:34:35.183 INFO  (qtp1415289182-20-null-24) [c: s: r: x:restaurant t:null-24] o.a.s.c.S.Request webapp=/solr path=/select params={q=*:*&start=0&rows=0&wt=javabin&version=2} hits=5 status=0 QTime=3
2024-03-17 17:34:35.232 INFO  (qtp1415289182-25-null-25) [c: s: r: x:restaurant t:null-25] o.a.s.c.S.Request webapp=/solr path=/select params={q=*:*&start=0&rows=5&wt=javabin&version=2} hits=5 status=0 QTime=19
2024-03-17 17:35:09.186 INFO  (qtp1415289182-20-null-26) [c: s: r: x:restaurant t:null-26] o.a.s.c.S.Request webapp=/solr path=/select params={q=id:2228d216\-e1c7\-4b79\-a1be\-dfb388f7efa7&start=0&rows=1&wt=javabin&version=2} hits=1 status=0 QTime=46
2024-03-17 17:35:09.205 INFO  (qtp1415289182-25-null-27) [c: s: r: x:restaurant t:null-27] o.a.s.u.p.LogUpdateProcessorFactory webapp=/solr path=/update params={wt=javabin&version=2}{add=[2228d216-e1c7-4b79-a1be-dfb388f7efa7 (1793795722256056320)]} 0 12
2024-03-17 17:35:09.267 INFO  (searcherExecutor-17-thread-1-processing-restaurant null-28) [c: s: r: x:restaurant t:null-28] o.a.s.c.QuerySenderListener QuerySenderListener done.
2024-03-17 17:35:09.274 INFO  (searcherExecutor-17-thread-1-processing-restaurant null-28) [c: s: r: x:restaurant t:null-28] o.a.s.c.SolrCore Registered new searcher autowarm time: 0 ms
2024-03-17 17:35:09.280 INFO  (qtp1415289182-20-null-28) [c: s: r: x:restaurant t:null-28] o.a.s.u.p.LogUpdateProcessorFactory webapp=/solr path=/update params={waitSearcher=true&commit=true&softCommit=false&wt=javabin&version=2}{commit=} 0 73
2024-03-17 17:35:19.646 INFO  (qtp1415289182-25-null-29) [c: s: r: x:restaurant t:null-29] o.a.s.c.S.Request webapp=/solr path=/select params={q=*:*&start=0&rows=0&wt=javabin&version=2} hits=5 status=0 QTime=5
2024-03-17 17:35:19.656 INFO  (qtp1415289182-20-null-30) [c: s: r: x:restaurant t:null-30] o.a.s.c.S.Request webapp=/solr path=/select params={q=*:*&start=0&rows=5&wt=javabin&version=2} hits=5 status=0 QTime=3
2024-03-17 17:35:43.058 INFO  (qtp1415289182-25-null-31) [c: s: r: x:restaurant t:null-31] o.a.s.c.S.Request webapp=/solr path=/select params={q=id:2228d216\-e1c7\-4b79\-a1be\-dfb388f7efa7&start=0&rows=1&wt=javabin&version=2} hits=1 status=0 QTime=23
2024-03-17 17:35:50.984 INFO  (qtp1415289182-20-null-32) [c: s: r: x:restaurant t:null-32] o.a.s.c.S.Request webapp=/solr path=/select params={q=id:2228d216\-e1c7\-4b79\-a1be\-dfb388f7efa7&start=0&rows=1&wt=javabin&version=2} hits=1 status=0 QTime=3
2024-03-17 17:35:51.013 INFO  (qtp1415289182-25-null-33) [c: s: r: x:restaurant t:null-33] o.a.s.u.p.LogUpdateProcessorFactory webapp=/solr path=/update params={wt=javabin&version=2}{add=[2228d216-e1c7-4b79-a1be-dfb388f7efa7 (1793795766087581696)]} 0 21
2024-03-17 17:35:51.093 INFO  (searcherExecutor-17-thread-1-processing-restaurant null-34) [c: s: r: x:restaurant t:null-34] o.a.s.c.QuerySenderListener QuerySenderListener done.
2024-03-17 17:35:51.103 INFO  (searcherExecutor-17-thread-1-processing-restaurant null-34) [c: s: r: x:restaurant t:null-34] o.a.s.c.SolrCore Registered new searcher autowarm time: 0 ms
2024-03-17 17:35:51.112 INFO  (qtp1415289182-20-null-34) [c: s: r: x:restaurant t:null-34] o.a.s.u.p.LogUpdateProcessorFactory webapp=/solr path=/update params={waitSearcher=true&commit=true&softCommit=false&wt=javabin&version=2}{commit=} 0 94
2024-03-17 18:08:31.692 INFO  (qtp1415289182-18-null-35) [c: s: r: x:restaurant t:null-35] o.a.s.c.S.Request webapp=/solr path=/select params={q=*:*&start=0&rows=0&wt=javabin&version=2} hits=5 status=0 QTime=75
2024-03-17 18:08:31.715 INFO  (qtp1415289182-53-null-36) [c: s: r: x:restaurant t:null-36] o.a.s.c.S.Request webapp=/solr path=/select params={q=*:*&start=0&rows=5&wt=javabin&version=2} hits=5 status=0 QTime=2
2024-03-17 18:16:09.201 INFO  (qtp1415289182-24-null-37) [c: s: r: x:restaurant t:null-37] o.a.s.c.S.Request webapp=/solr path=/select params={q=*:*&start=0&rows=0&wt=javabin&version=2} hits=5 status=0 QTime=27
2024-03-17 18:16:09.222 INFO  (qtp1415289182-23-null-38) [c: s: r: x:restaurant t:null-38] o.a.s.c.S.Request webapp=/solr path=/select params={q=*:*&start=0&rows=5&wt=javabin&version=2} hits=5 status=0 QTime=0
2024-03-17 18:16:12.174 INFO  (qtp1415289182-25-null-39) [c: s: r: x:restaurant t:null-39] o.a.s.c.S.Request webapp=/solr path=/select params={q=*:*&start=0&rows=0&wt=javabin&version=2} hits=5 status=0 QTime=12
2024-03-17 18:16:12.182 INFO  (qtp1415289182-23-null-40) [c: s: r: x:restaurant t:null-40] o.a.s.c.S.Request webapp=/solr path=/select params={q=*:*&start=0&rows=5&wt=javabin&version=2} hits=5 status=0 QTime=1
2024-03-17 18:17:02.733 INFO  (qtp1415289182-25-null-41) [c: s: r: x:restaurant t:null-41] o.a.s.c.S.Request webapp=/solr path=/select params={q=*:*&start=0&rows=0&wt=javabin&version=2} hits=5 status=0 QTime=9
2024-03-17 18:17:02.750 INFO  (qtp1415289182-23-null-42) [c: s: r: x:restaurant t:null-42] o.a.s.c.S.Request webapp=/solr path=/select params={q=*:*&start=0&rows=5&wt=javabin&version=2} hits=5 status=0 QTime=0
2024-03-17 18:17:07.638 INFO  (qtp1415289182-25-null-43) [c: s: r: x:restaurant t:null-43] o.a.s.c.S.Request webapp=/solr path=/select params={q=*:*&start=0&rows=0&wt=javabin&version=2} hits=5 status=0 QTime=3
2024-03-17 18:17:07.647 INFO  (qtp1415289182-23-null-44) [c: s: r: x:restaurant t:null-44] o.a.s.c.S.Request webapp=/solr path=/select params={q=*:*&start=0&rows=5&wt=javabin&version=2} hits=5 status=0 QTime=2
2024-03-17 18:17:08.434 INFO  (qtp1415289182-25-null-45) [c: s: r: x:restaurant t:null-45] o.a.s.c.S.Request webapp=/solr path=/select params={q=*:*&start=0&rows=0&wt=javabin&version=2} hits=5 status=0 QTime=1
2024-03-17 18:17:08.444 INFO  (qtp1415289182-23-null-46) [c: s: r: x:restaurant t:null-46] o.a.s.c.S.Request webapp=/solr path=/select params={q=*:*&start=0&rows=5&wt=javabin&version=2} hits=5 status=0 QTime=2
2024-03-17 18:17:16.280 INFO  (qtp1415289182-25-null-47) [c: s: r: x:restaurant t:null-47] o.a.s.c.S.Request webapp=/solr path=/select params={q=*:*&start=0&rows=0&wt=javabin&version=2} hits=5 status=0 QTime=6
2024-03-17 18:17:16.289 INFO  (qtp1415289182-23-null-48) [c: s: r: x:restaurant t:null-48] o.a.s.c.S.Request webapp=/solr path=/select params={q=*:*&start=0&rows=5&wt=javabin&version=2} hits=5 status=0 QTime=0
2024-03-17 18:27:39.783 INFO  (qtp1415289182-55-null-49) [c: s: r: x:restaurant t:null-49] o.a.s.u.p.LogUpdateProcessorFactory webapp=/solr path=/update params={wt=javabin&version=2}{add=[bfdf2894-aa22-4cba-9ace-3794d88f7187 (1793799025747558400), 93fab437-9d8b-4711-ae94-16426659ed2f (1793799025836687360), ae3c6bc8-a907-422a-a601-6bef72caac9f (1793799025841930240), d635a51a-3a35-4b9c-80f1-99978c712e2a (1793799025842978816), 669c2f58-071e-4423-ae00-99c922f8e576 (1793799025845075968), 48483163-21fb-4e9d-8046-11d71eea8acf (1793799025850318848), 0d8f8cc3-c557-454a-a013-1db0ad627542 (1793799025852416000), 37a6ccad-4c01-4588-bc9f-530f49c72f38 (1793799025853464576), cd3b0619-259d-44ce-8a13-2eef61544524 (1793799025853464577), a942c7b5-0451-4c32-b609-8b3241af4930 (1793799025854513152), ... (15 adds)]} 0 178
2024-03-17 18:27:39.957 INFO  (searcherExecutor-17-thread-1-processing-restaurant null-50) [c: s: r: x:restaurant t:null-50] o.a.s.c.QuerySenderListener QuerySenderListener done.
2024-03-17 18:27:39.976 INFO  (searcherExecutor-17-thread-1-processing-restaurant null-50) [c: s: r: x:restaurant t:null-50] o.a.s.c.SolrCore Registered new searcher autowarm time: 0 ms
2024-03-17 18:27:39.979 INFO  (qtp1415289182-57-null-50) [c: s: r: x:restaurant t:null-50] o.a.s.u.p.LogUpdateProcessorFactory webapp=/solr path=/update params={waitSearcher=true&commit=true&softCommit=false&wt=javabin&version=2}{commit=} 0 179
2024-03-17 18:32:14.728 INFO  (qtp1415289182-24-null-51) [c: s: r: x:restaurant t:null-51] o.a.s.c.S.Request webapp=/solr path=/select params={q=*:*&start=0&rows=0&wt=javabin&version=2} hits=20 status=0 QTime=15
2024-03-17 18:32:14.748 INFO  (qtp1415289182-20-null-52) [c: s: r: x:restaurant t:null-52] o.a.s.c.S.Request webapp=/solr path=/select params={q=*:*&start=0&rows=20&wt=javabin&version=2} hits=20 status=0 QTime=8
2024-03-17 18:34:28.004 INFO  (qtp1415289182-53-null-53) [c: s: r: x:restaurant t:null-53] o.a.s.c.S.Request webapp=/solr path=/select params={q=*:*&start=0&rows=0&wt=javabin&version=2} hits=20 status=0 QTime=6
2024-03-17 18:34:28.025 INFO  (qtp1415289182-18-null-54) [c: s: r: x:restaurant t:null-54] o.a.s.c.S.Request webapp=/solr path=/select params={q=*:*&start=0&rows=20&wt=javabin&version=2} hits=20 status=0 QTime=0
2024-03-17 18:34:32.586 INFO  (qtp1415289182-53-null-55) [c: s: r: x:restaurant t:null-55] o.a.s.c.S.Request webapp=/solr path=/select params={q=*:*&start=0&rows=0&wt=javabin&version=2} hits=20 status=0 QTime=0
2024-03-17 18:34:32.590 INFO  (qtp1415289182-18-null-56) [c: s: r: x:restaurant t:null-56] o.a.s.c.S.Request webapp=/solr path=/select params={q=*:*&start=0&rows=20&wt=javabin&version=2} hits=20 status=0 QTime=0
2024-03-17 18:34:33.474 INFO  (qtp1415289182-53-null-57) [c: s: r: x:restaurant t:null-57] o.a.s.c.S.Request webapp=/solr path=/select params={q=*:*&start=0&rows=0&wt=javabin&version=2} hits=20 status=0 QTime=2
2024-03-17 18:34:33.484 INFO  (qtp1415289182-18-null-58) [c: s: r: x:restaurant t:null-58] o.a.s.c.S.Request webapp=/solr path=/select params={q=*:*&start=0&rows=20&wt=javabin&version=2} hits=20 status=0 QTime=1
2024-03-17 18:34:33.894 INFO  (qtp1415289182-53-null-59) [c: s: r: x:restaurant t:null-59] o.a.s.c.S.Request webapp=/solr path=/select params={q=*:*&start=0&rows=0&wt=javabin&version=2} hits=20 status=0 QTime=1
2024-03-17 18:34:33.901 INFO  (qtp1415289182-18-null-60) [c: s: r: x:restaurant t:null-60] o.a.s.c.S.Request webapp=/solr path=/select params={q=*:*&start=0&rows=20&wt=javabin&version=2} hits=20 status=0 QTime=0
2024-03-17 18:34:34.169 INFO  (qtp1415289182-53-null-61) [c: s: r: x:restaurant t:null-61] o.a.s.c.S.Request webapp=/solr path=/select params={q=*:*&start=0&rows=0&wt=javabin&version=2} hits=20 status=0 QTime=0
2024-03-17 18:34:34.172 INFO  (qtp1415289182-18-null-62) [c: s: r: x:restaurant t:null-62] o.a.s.c.S.Request webapp=/solr path=/select params={q=*:*&start=0&rows=20&wt=javabin&version=2} hits=20 status=0 QTime=0
2024-03-17 18:34:34.516 INFO  (qtp1415289182-53-null-63) [c: s: r: x:restaurant t:null-63] o.a.s.c.S.Request webapp=/solr path=/select params={q=*:*&start=0&rows=0&wt=javabin&version=2} hits=20 status=0 QTime=2
2024-03-17 18:34:34.522 INFO  (qtp1415289182-18-null-64) [c: s: r: x:restaurant t:null-64] o.a.s.c.S.Request webapp=/solr path=/select params={q=*:*&start=0&rows=20&wt=javabin&version=2} hits=20 status=0 QTime=1
2024-03-17 18:34:44.960 INFO  (qtp1415289182-53-null-65) [c: s: r: x:restaurant t:null-65] o.a.s.u.p.LogUpdateProcessorFactory webapp=/solr path=/update params={wt=javabin&version=2}{add=[ff562114-3c13-4b4a-9b2f-c7bd8151d0fa (1793799471662891008), 2815cea1-11a7-42e0-962f-5c687253297d (1793799471707979776), a75c8f7e-8251-4d53-8f5a-f7244435b1d8 (1793799471709028352), 4cf0e7bf-c832-4248-951c-5cf9ca37b11d (1793799471709028353), 0ddca555-598d-49ce-9b4b-6211f4b00c6a (1793799471710076928), 2e0a7477-1d76-4184-8157-bcbab2fb1a76 (1793799471710076929), cbbe81eb-d969-4a77-a345-494570e77c75 (1793799471711125504), 75c6890b-a9e9-43d3-a908-de87879d49ac (1793799471712174080), 63904d79-a886-44be-8423-4972c31b45e5 (1793799471713222656), 77674275-360a-4f36-839c-4848e09143ec (1793799471714271232), ... (15 adds)]} 0 60
2024-03-17 18:34:45.050 INFO  (searcherExecutor-17-thread-1-processing-restaurant null-66) [c: s: r: x:restaurant t:null-66] o.a.s.c.QuerySenderListener QuerySenderListener done.
2024-03-17 18:34:45.061 INFO  (searcherExecutor-17-thread-1-processing-restaurant null-66) [c: s: r: x:restaurant t:null-66] o.a.s.c.SolrCore Registered new searcher autowarm time: 0 ms
2024-03-17 18:34:45.064 INFO  (qtp1415289182-18-null-66) [c: s: r: x:restaurant t:null-66] o.a.s.u.p.LogUpdateProcessorFactory webapp=/solr path=/update params={waitSearcher=true&commit=true&softCommit=false&wt=javabin&version=2}{commit=} 0 96
2024-03-17 18:37:20.156 INFO  (qtp1415289182-23-null-67) [c: s: r: x:restaurant t:null-67] o.a.s.u.p.LogUpdateProcessorFactory webapp=/solr path=/update params={wt=javabin&version=2}{add=[fd0e0028-1b0b-413d-b9d2-48f8e8a6781c (1793799634400837632), b0d0c286-2d32-454a-8ee3-6b5128aedfe9 (1793799634432294912), fc36ef57-6e6c-4328-a7e8-f63f49552675 (1793799634434392064), db5269c7-4987-429e-b0ae-45ea87c459d3 (1793799634435440640), 2ea803b9-524e-4bd0-80cc-92d9d14d07ad (1793799634436489216), 8e070078-5062-42a9-b032-25c1abd3305c (1793799634437537792), 7bfc66b2-4387-4fda-8b15-5d1446b64342 (1793799634444877824), fe7a2979-6d50-4bd9-ad76-6dc72879b3d6 (1793799634445926400), 443862d9-b10a-4991-93d0-69081313b413 (1793799634445926401), edac2dfb-4519-449f-87ec-b2a15c70473d (1793799634448023552), ... (15 adds)]} 0 55
2024-03-17 18:37:20.283 INFO  (searcherExecutor-17-thread-1-processing-restaurant null-68) [c: s: r: x:restaurant t:null-68] o.a.s.c.QuerySenderListener QuerySenderListener done.
2024-03-17 18:37:20.296 INFO  (searcherExecutor-17-thread-1-processing-restaurant null-68) [c: s: r: x:restaurant t:null-68] o.a.s.c.SolrCore Registered new searcher autowarm time: 0 ms
2024-03-17 18:37:20.298 INFO  (qtp1415289182-53-null-68) [c: s: r: x:restaurant t:null-68] o.a.s.u.p.LogUpdateProcessorFactory webapp=/solr path=/update params={waitSearcher=true&commit=true&softCommit=false&wt=javabin&version=2}{commit=} 0 128
2024-03-17 18:37:31.554 INFO  (qtp1415289182-23-null-69) [c: s: r: x:restaurant t:null-69] o.a.s.c.S.Request webapp=/solr path=/select params={q=*:*&start=0&rows=0&wt=javabin&version=2} hits=50 status=0 QTime=8
2024-03-17 18:37:31.564 INFO  (qtp1415289182-53-null-70) [c: s: r: x:restaurant t:null-70] o.a.s.c.S.Request webapp=/solr path=/select params={q=*:*&start=0&rows=50&wt=javabin&version=2} hits=50 status=0 QTime=1
2024-03-17 18:38:12.070 INFO  (qtp1415289182-23-null-71) [c: s: r: x:restaurant t:null-71] o.a.s.c.S.Request webapp=/solr path=/select params={q=id:f6aa22c9\-cde5\-4249\-89cd\-1d6d6cd9a398&start=0&rows=1&wt=javabin&version=2} hits=1 status=0 QTime=21
2024-03-17 18:38:12.106 INFO  (qtp1415289182-53-null-72) [c: s: r: x:restaurant t:null-72] o.a.s.u.p.LogUpdateProcessorFactory webapp=/solr path=/update params={wt=javabin&version=2}{add=[f6aa22c9-cde5-4249-89cd-1d6d6cd9a398 (1793799688901623808)]} 0 26
2024-03-17 18:38:12.206 INFO  (searcherExecutor-17-thread-1-processing-restaurant null-73) [c: s: r: x:restaurant t:null-73] o.a.s.c.QuerySenderListener QuerySenderListener done.
2024-03-17 18:38:12.216 INFO  (searcherExecutor-17-thread-1-processing-restaurant null-73) [c: s: r: x:restaurant t:null-73] o.a.s.c.SolrCore Registered new searcher autowarm time: 0 ms
2024-03-17 18:38:12.237 INFO  (qtp1415289182-23-null-73) [c: s: r: x:restaurant t:null-73] o.a.s.u.p.LogUpdateProcessorFactory webapp=/solr path=/update params={waitSearcher=true&commit=true&softCommit=false&wt=javabin&version=2}{commit=} 0 127
2024-03-17 18:38:17.357 INFO  (qtp1415289182-53-null-74) [c: s: r: x:restaurant t:null-74] o.a.s.c.S.Request webapp=/solr path=/select params={q=id:f6aa22c9\-cde5\-4249\-89cd\-1d6d6cd9a398&start=0&rows=1&wt=javabin&version=2} hits=1 status=0 QTime=4
2024-03-17 18:38:17.381 INFO  (qtp1415289182-23-null-75) [c: s: r: x:restaurant t:null-75] o.a.s.u.p.LogUpdateProcessorFactory webapp=/solr path=/update params={wt=javabin&version=2}{add=[f6aa22c9-cde5-4249-89cd-1d6d6cd9a398 (1793799694441250816)]} 0 15
2024-03-17 18:38:17.469 INFO  (searcherExecutor-17-thread-1-processing-restaurant null-76) [c: s: r: x:restaurant t:null-76] o.a.s.c.QuerySenderListener QuerySenderListener done.
2024-03-17 18:38:17.475 INFO  (searcherExecutor-17-thread-1-processing-restaurant null-76) [c: s: r: x:restaurant t:null-76] o.a.s.c.SolrCore Registered new searcher autowarm time: 0 ms
2024-03-17 18:38:17.486 INFO  (qtp1415289182-53-null-76) [c: s: r: x:restaurant t:null-76] o.a.s.u.p.LogUpdateProcessorFactory webapp=/solr path=/update params={waitSearcher=true&commit=true&softCommit=false&wt=javabin&version=2}{commit=} 0 100
2024-03-17 18:38:18.073 INFO  (qtp1415289182-23-null-77) [c: s: r: x:restaurant t:null-77] o.a.s.c.S.Request webapp=/solr path=/select params={q=id:f6aa22c9\-cde5\-4249\-89cd\-1d6d6cd9a398&start=0&rows=1&wt=javabin&version=2} hits=1 status=0 QTime=4
2024-03-17 18:38:18.104 INFO  (qtp1415289182-53-null-78) [c: s: r: x:restaurant t:null-78] o.a.s.u.p.LogUpdateProcessorFactory webapp=/solr path=/update params={wt=javabin&version=2}{add=[f6aa22c9-cde5-4249-89cd-1d6d6cd9a398 (1793799695203565568)]} 0 12
2024-03-17 18:38:18.344 INFO  (searcherExecutor-17-thread-1-processing-restaurant null-79) [c: s: r: x:restaurant t:null-79] o.a.s.c.QuerySenderListener QuerySenderListener done.
2024-03-17 18:38:18.360 INFO  (searcherExecutor-17-thread-1-processing-restaurant null-79) [c: s: r: x:restaurant t:null-79] o.a.s.c.SolrCore Registered new searcher autowarm time: 1 ms
2024-03-17 18:38:18.373 INFO  (qtp1415289182-23-null-79) [c: s: r: x:restaurant t:null-79] o.a.s.u.p.LogUpdateProcessorFactory webapp=/solr path=/update params={waitSearcher=true&commit=true&softCommit=false&wt=javabin&version=2}{commit=} 0 266
2024-03-17 18:38:35.095 INFO  (qtp1415289182-53-null-80) [c: s: r: x:restaurant t:null-80] o.a.s.c.S.Request webapp=/solr path=/select params={q=id:2228d216\-e1c7\-4b79\-a1be\-dfb388f7efa7&start=0&rows=1&wt=javabin&version=2} hits=1 status=0 QTime=14
2024-03-17 18:38:35.122 INFO  (qtp1415289182-23-null-81) [c: s: r: x:restaurant t:null-81] o.a.s.u.p.LogUpdateProcessorFactory webapp=/solr path=/update params={wt=javabin&version=2}{add=[2228d216-e1c7-4b79-a1be-dfb388f7efa7 (1793799713045086208)]} 0 16
2024-03-17 18:38:35.196 INFO  (searcherExecutor-17-thread-1-processing-restaurant null-82) [c: s: r: x:restaurant t:null-82] o.a.s.c.QuerySenderListener QuerySenderListener done.
2024-03-17 18:38:35.204 INFO  (searcherExecutor-17-thread-1-processing-restaurant null-82) [c: s: r: x:restaurant t:null-82] o.a.s.c.SolrCore Registered new searcher autowarm time: 0 ms
2024-03-17 18:38:35.216 INFO  (qtp1415289182-53-null-82) [c: s: r: x:restaurant t:null-82] o.a.s.u.p.LogUpdateProcessorFactory webapp=/solr path=/update params={waitSearcher=true&commit=true&softCommit=false&wt=javabin&version=2}{commit=} 0 91
2024-03-17 18:39:43.086 INFO  (qtp1415289182-57-null-83) [c: s: r: x:restaurant t:null-83] o.a.s.c.S.Request webapp=/solr path=/select params={q=id:bfdf2894\-aa22\-4cba\-9ace\-3794d88f7187&start=0&rows=1&wt=javabin&version=2} hits=1 status=0 QTime=15
2024-03-17 18:39:43.138 INFO  (qtp1415289182-23-null-84) [c: s: r: x:restaurant t:null-84] o.a.s.u.p.LogUpdateProcessorFactory webapp=/solr path=/update params={wt=javabin&version=2}{add=[bfdf2894-aa22-4cba-9ace-3794d88f7187 (1793799784361885696)]} 0 21
2024-03-17 18:39:43.228 INFO  (searcherExecutor-17-thread-1-processing-restaurant null-85) [c: s: r: x:restaurant t:null-85] o.a.s.c.QuerySenderListener QuerySenderListener done.
2024-03-17 18:39:43.236 INFO  (searcherExecutor-17-thread-1-processing-restaurant null-85) [c: s: r: x:restaurant t:null-85] o.a.s.c.SolrCore Registered new searcher autowarm time: 0 ms
2024-03-17 18:39:43.237 INFO  (qtp1415289182-57-null-85) [c: s: r: x:restaurant t:null-85] o.a.s.u.p.LogUpdateProcessorFactory webapp=/solr path=/update params={waitSearcher=true&commit=true&softCommit=false&wt=javabin&version=2}{commit=} 0 95
2024-03-17 18:39:47.730 INFO  (qtp1415289182-23-null-86) [c: s: r: x:restaurant t:null-86] o.a.s.c.S.Request webapp=/solr path=/select params={q=id:bfdf2894\-aa22\-4cba\-9ace\-3794d88f7187&start=0&rows=1&wt=javabin&version=2} hits=1 status=0 QTime=2
2024-03-17 18:39:47.748 INFO  (qtp1415289182-57-null-87) [c: s: r: x:restaurant t:null-87] o.a.s.u.p.LogUpdateProcessorFactory webapp=/solr path=/update params={wt=javabin&version=2}{add=[bfdf2894-aa22-4cba-9ace-3794d88f7187 (1793799789204209664)]} 0 10
2024-03-17 18:39:47.871 INFO  (searcherExecutor-17-thread-1-processing-restaurant null-88) [c: s: r: x:restaurant t:null-88] o.a.s.c.QuerySenderListener QuerySenderListener done.
2024-03-17 18:39:47.875 INFO  (searcherExecutor-17-thread-1-processing-restaurant null-88) [c: s: r: x:restaurant t:null-88] o.a.s.c.SolrCore Registered new searcher autowarm time: 0 ms
2024-03-17 18:39:47.887 INFO  (qtp1415289182-23-null-88) [c: s: r: x:restaurant t:null-88] o.a.s.u.p.LogUpdateProcessorFactory webapp=/solr path=/update params={waitSearcher=true&commit=true&softCommit=false&wt=javabin&version=2}{commit=} 0 134
2024-03-17 18:40:01.941 INFO  (qtp1415289182-57-null-89) [c: s: r: x:restaurant t:null-89] o.a.s.c.S.Request webapp=/solr path=/select params={q=id:4653d5be\-04ef\-4586\-b905\-9a1008889d7b&start=0&rows=1&wt=javabin&version=2} hits=1 status=0 QTime=14
2024-03-17 18:40:01.970 INFO  (qtp1415289182-23-null-90) [c: s: r: x:restaurant t:null-90] o.a.s.u.p.LogUpdateProcessorFactory webapp=/solr path=/update params={wt=javabin&version=2}{add=[4653d5be-04ef-4586-b905-9a1008889d7b (1793799804111814656)]} 0 16
2024-03-17 18:40:02.053 INFO  (searcherExecutor-17-thread-1-processing-restaurant null-91) [c: s: r: x:restaurant t:null-91] o.a.s.c.QuerySenderListener QuerySenderListener done.
2024-03-17 18:40:02.060 INFO  (searcherExecutor-17-thread-1-processing-restaurant null-91) [c: s: r: x:restaurant t:null-91] o.a.s.c.SolrCore Registered new searcher autowarm time: 0 ms
2024-03-17 18:40:02.069 INFO  (qtp1415289182-57-null-91) [c: s: r: x:restaurant t:null-91] o.a.s.u.p.LogUpdateProcessorFactory webapp=/solr path=/update params={waitSearcher=true&commit=true&softCommit=false&wt=javabin&version=2}{commit=} 0 95
2024-03-17 18:40:04.531 INFO  (qtp1415289182-23-null-92) [c: s: r: x:restaurant t:null-92] o.a.s.c.S.Request webapp=/solr path=/select params={q=id:4653d5be\-04ef\-4586\-b905\-9a1008889d7b&start=0&rows=1&wt=javabin&version=2} hits=1 status=0 QTime=4
2024-03-17 18:40:04.557 INFO  (qtp1415289182-57-null-93) [c: s: r: x:restaurant t:null-93] o.a.s.u.p.LogUpdateProcessorFactory webapp=/solr path=/update params={wt=javabin&version=2}{add=[4653d5be-04ef-4586-b905-9a1008889d7b (1793799806822383616)]} 0 17
2024-03-17 18:40:04.636 INFO  (searcherExecutor-17-thread-1-processing-restaurant null-94) [c: s: r: x:restaurant t:null-94] o.a.s.c.QuerySenderListener QuerySenderListener done.
2024-03-17 18:40:04.640 INFO  (searcherExecutor-17-thread-1-processing-restaurant null-94) [c: s: r: x:restaurant t:null-94] o.a.s.c.SolrCore Registered new searcher autowarm time: 0 ms
2024-03-17 18:40:04.660 INFO  (qtp1415289182-23-null-94) [c: s: r: x:restaurant t:null-94] o.a.s.u.p.LogUpdateProcessorFactory webapp=/solr path=/update params={waitSearcher=true&commit=true&softCommit=false&wt=javabin&version=2}{commit=} 0 99
2024-03-17 18:40:22.470 INFO  (qtp1415289182-57-null-95) [c: s: r: x:restaurant t:null-95] o.a.s.c.S.Request webapp=/solr path=/select params={q=*:*&start=0&rows=0&wt=javabin&version=2} hits=50 status=0 QTime=28
2024-03-17 18:40:22.481 INFO  (qtp1415289182-23-null-96) [c: s: r: x:restaurant t:null-96] o.a.s.c.S.Request webapp=/solr path=/select params={q=*:*&start=0&rows=50&wt=javabin&version=2} hits=50 status=0 QTime=5
2024-03-17 18:40:51.880 INFO  (qtp1415289182-57-null-97) [c: s: r: x:restaurant t:null-97] o.a.s.c.S.Request webapp=/solr path=/select params={q=*:*&start=0&rows=0&wt=javabin&version=2} hits=50 status=0 QTime=20
2024-03-17 18:40:51.890 INFO  (qtp1415289182-23-null-98) [c: s: r: x:restaurant t:null-98] o.a.s.c.S.Request webapp=/solr path=/select params={q=*:*&start=0&rows=50&wt=javabin&version=2} hits=50 status=0 QTime=0
2024-03-17 18:41:21.263 INFO  (qtp1415289182-57-null-99) [c: s: r: x:restaurant t:null-99] o.a.s.c.S.Request webapp=/solr path=/select params={q=*:*&start=0&rows=0&wt=javabin&version=2} hits=50 status=0 QTime=5
2024-03-17 18:41:21.272 INFO  (qtp1415289182-23-null-100) [c: s: r: x:restaurant t:null-100] o.a.s.c.S.Request webapp=/solr path=/select params={q=*:*&start=0&rows=50&wt=javabin&version=2} hits=50 status=0 QTime=0
2024-03-17 18:41:52.734 INFO  (qtp1415289182-57-null-101) [c: s: r: x:restaurant t:null-101] o.a.s.c.S.Request webapp=/solr path=/select params={q=*:*&start=0&rows=0&wt=javabin&version=2} hits=50 status=0 QTime=6
2024-03-17 18:41:52.741 INFO  (qtp1415289182-23-null-102) [c: s: r: x:restaurant t:null-102] o.a.s.c.S.Request webapp=/solr path=/select params={q=*:*&start=0&rows=50&wt=javabin&version=2} hits=50 status=0 QTime=0
2024-03-17 18:43:20.115 INFO  (qtp1415289182-20-null-103) [c: s: r: x:restaurant t:null-103] o.a.s.c.S.Request webapp=/solr path=/select params={q=*:*&start=0&rows=0&wt=javabin&version=2} hits=50 status=0 QTime=5
2024-03-17 18:43:20.125 INFO  (qtp1415289182-57-null-104) [c: s: r: x:restaurant t:null-104] o.a.s.c.S.Request webapp=/solr path=/select params={q=*:*&start=0&rows=50&wt=javabin&version=2} hits=50 status=0 QTime=0
2024-03-17 18:44:55.639 INFO  (qtp1415289182-18-null-105) [c: s: r: x:restaurant t:null-105] o.a.s.c.S.Request webapp=/solr path=/select params={q=*:*&start=0&rows=0&wt=javabin&version=2} hits=50 status=0 QTime=14
2024-03-17 18:44:55.647 INFO  (qtp1415289182-20-null-106) [c: s: r: x:restaurant t:null-106] o.a.s.c.S.Request webapp=/solr path=/select params={q=*:*&start=0&rows=50&wt=javabin&version=2} hits=50 status=0 QTime=0
2024-03-17 18:45:35.719 INFO  (qtp1415289182-18-null-107) [c: s: r: x:restaurant t:null-107] o.a.s.c.S.Request webapp=/solr path=/select params={q=id:ff562114\-3c13\-4b4a\-9b2f\-c7bd8151d0fa&start=0&rows=1&wt=javabin&version=2} hits=1 status=0 QTime=16
2024-03-17 18:45:35.826 INFO  (qtp1415289182-20-null-108) [c: s: r: x:restaurant t:null-108] o.a.s.u.p.LogUpdateProcessorFactory webapp=/solr path=/update params={wt=javabin&version=2}{delete=[ff562114-3c13-4b4a-9b2f-c7bd8151d0fa (-1793800154179960832)]} 0 64
2024-03-17 18:45:35.900 INFO  (searcherExecutor-17-thread-1-processing-restaurant null-109) [c: s: r: x:restaurant t:null-109] o.a.s.c.QuerySenderListener QuerySenderListener done.
2024-03-17 18:45:35.909 INFO  (searcherExecutor-17-thread-1-processing-restaurant null-109) [c: s: r: x:restaurant t:null-109] o.a.s.c.SolrCore Registered new searcher autowarm time: 0 ms
2024-03-17 18:45:35.913 INFO  (qtp1415289182-18-null-109) [c: s: r: x:restaurant t:null-109] o.a.s.u.p.LogUpdateProcessorFactory webapp=/solr path=/update params={waitSearcher=true&commit=true&softCommit=false&wt=javabin&version=2}{commit=} 0 81
2024-03-17 18:46:09.554 INFO  (qtp1415289182-53-null-110) [c: s: r: x:restaurant t:null-110] o.a.s.c.S.Request webapp=/solr path=/select params={q=*:*&start=0&rows=0&wt=javabin&version=2} hits=49 status=0 QTime=6
2024-03-17 18:46:09.575 INFO  (qtp1415289182-20-null-111) [c: s: r: x:restaurant t:null-111] o.a.s.c.S.Request webapp=/solr path=/select params={q=*:*&start=0&rows=49&wt=javabin&version=2} hits=49 status=0 QTime=1
2024-03-17 18:48:02.836 INFO  (qtp1415289182-23-null-112) [c: s: r: x:restaurant t:null-112] o.a.s.u.p.LogUpdateProcessorFactory webapp=/solr path=/update params={wt=javabin&version=2}{deleteByQuery=*:* (-1793800308235698176)} 0 120
2024-03-17 18:48:02.867 INFO  (searcherExecutor-17-thread-1-processing-restaurant null-113) [c: s: r: x:restaurant t:null-113] o.a.s.c.QuerySenderListener QuerySenderListener done.
2024-03-17 18:48:02.878 INFO  (searcherExecutor-17-thread-1-processing-restaurant null-113) [c: s: r: x:restaurant t:null-113] o.a.s.c.SolrCore Registered new searcher autowarm time: 0 ms
2024-03-17 18:48:02.964 INFO  (qtp1415289182-53-null-113) [c: s: r: x:restaurant t:null-113] o.a.s.u.p.LogUpdateProcessorFactory webapp=/solr path=/update params={waitSearcher=true&commit=true&softCommit=false&wt=javabin&version=2}{commit=} 0 103
2024-03-17 18:48:06.242 INFO  (qtp1415289182-23-null-114) [c: s: r: x:restaurant t:null-114] o.a.s.u.p.LogUpdateProcessorFactory webapp=/solr path=/update params={wt=javabin&version=2}{deleteByQuery=*:* (-1793800311918297088)} 0 5
2024-03-17 18:48:06.253 INFO  (qtp1415289182-53-null-115) [c: s: r: x:restaurant t:null-115] o.a.s.u.p.LogUpdateProcessorFactory webapp=/solr path=/update params={waitSearcher=true&commit=true&softCommit=false&wt=javabin&version=2}{commit=} 0 3
2024-03-17 18:48:11.845 INFO  (qtp1415289182-23-null-116) [c: s: r: x:restaurant t:null-116] o.a.s.c.S.Request webapp=/solr path=/select params={q=*:*&start=0&rows=0&wt=javabin&version=2} hits=0 status=0 QTime=3
2024-03-17 18:49:49.705 INFO  (qtp1415289182-57-null-117) [c: s: r: x:restaurant t:null-117] o.a.s.u.p.LogUpdateProcessorFactory webapp=/solr path=/update params={wt=javabin&version=2}{add=[32ebcc82-d5c6-40db-9e97-d8812c1ad5c0 (1793800420370415616), e573d68e-a145-483e-ab4d-c772b7526057 (1793800420396630016), c825ad67-430e-4784-92ce-a5e6cbac92ee (1793800420397678592), 7dc0e40b-6cf8-4f6e-a720-8709ae5872d1 (1793800420398727168), 2331cf5b-1f51-45bf-8d09-5a697fe8b8aa (1793800420399775744), 81344121-7b49-470b-b67d-fe1f85c71773 (1793800420400824320), 4839311d-181b-424c-be31-37861fda0f5d (1793800420401872896), 827ba650-d867-4bb2-b485-af6e8c16d0ef (1793800420402921472), 06bd3560-25d5-4c26-9309-5b679a3ae249 (1793800420403970048), 15bb5d35-d78b-44ad-b349-4da92231839d (1793800420405018624), ... (15 adds)]} 0 49
2024-03-17 18:49:49.789 INFO  (searcherExecutor-17-thread-1-processing-restaurant null-118) [c: s: r: x:restaurant t:null-118] o.a.s.c.QuerySenderListener QuerySenderListener done.
2024-03-17 18:49:49.801 INFO  (searcherExecutor-17-thread-1-processing-restaurant null-118) [c: s: r: x:restaurant t:null-118] o.a.s.c.SolrCore Registered new searcher autowarm time: 0 ms
2024-03-17 18:49:49.801 INFO  (qtp1415289182-53-null-118) [c: s: r: x:restaurant t:null-118] o.a.s.u.p.LogUpdateProcessorFactory webapp=/solr path=/update params={waitSearcher=true&commit=true&softCommit=false&wt=javabin&version=2}{commit=} 0 91
2024-03-17 18:50:00.378 INFO  (qtp1415289182-57-null-119) [c: s: r: x:restaurant t:null-119] o.a.s.c.S.Request webapp=/solr path=/select params={q=*:*&start=0&rows=0&wt=javabin&version=2} hits=15 status=0 QTime=3
2024-03-17 18:50:00.389 INFO  (qtp1415289182-53-null-120) [c: s: r: x:restaurant t:null-120] o.a.s.c.S.Request webapp=/solr path=/select params={q=*:*&start=0&rows=15&wt=javabin&version=2} hits=15 status=0 QTime=1
2024-03-17 18:51:06.127 INFO  (qtp1415289182-57-null-121) [c: s: r: x:restaurant t:null-121] o.a.s.c.S.Request webapp=/solr path=/select params={q=id:32ebcc82\-d5c6\-40db\-9e97\-d8812c1ad5c0&start=0&rows=1&wt=javabin&version=2} hits=1 status=0 QTime=15
2024-03-17 18:51:06.152 INFO  (qtp1415289182-53-null-122) [c: s: r: x:restaurant t:null-122] o.a.s.u.p.LogUpdateProcessorFactory webapp=/solr path=/update params={wt=javabin&version=2}{add=[32ebcc82-d5c6-40db-9e97-d8812c1ad5c0 (1793800500557119488)]} 0 16
2024-03-17 18:51:06.226 INFO  (searcherExecutor-17-thread-1-processing-restaurant null-123) [c: s: r: x:restaurant t:null-123] o.a.s.c.QuerySenderListener QuerySenderListener done.
2024-03-17 18:51:06.236 INFO  (searcherExecutor-17-thread-1-processing-restaurant null-123) [c: s: r: x:restaurant t:null-123] o.a.s.c.SolrCore Registered new searcher autowarm time: 0 ms
2024-03-17 18:51:06.238 INFO  (qtp1415289182-57-null-123) [c: s: r: x:restaurant t:null-123] o.a.s.u.p.LogUpdateProcessorFactory webapp=/solr path=/update params={waitSearcher=true&commit=true&softCommit=false&wt=javabin&version=2}{commit=} 0 83
2024-03-17 18:51:11.323 INFO  (qtp1415289182-53-null-124) [c: s: r: x:restaurant t:null-124] o.a.s.c.S.Request webapp=/solr path=/select params={q=id:32ebcc82\-d5c6\-40db\-9e97\-d8812c1ad5c0&start=0&rows=1&wt=javabin&version=2} hits=1 status=0 QTime=2
2024-03-17 18:51:11.354 INFO  (qtp1415289182-57-null-125) [c: s: r: x:restaurant t:null-125] o.a.s.u.p.LogUpdateProcessorFactory webapp=/solr path=/update params={wt=javabin&version=2}{add=[32ebcc82-d5c6-40db-9e97-d8812c1ad5c0 (1793800506016006144)]} 0 11
2024-03-17 18:51:11.411 INFO  (searcherExecutor-17-thread-1-processing-restaurant null-126) [c: s: r: x:restaurant t:null-126] o.a.s.c.QuerySenderListener QuerySenderListener done.
2024-03-17 18:51:11.415 INFO  (searcherExecutor-17-thread-1-processing-restaurant null-126) [c: s: r: x:restaurant t:null-126] o.a.s.c.SolrCore Registered new searcher autowarm time: 0 ms
2024-03-17 18:51:11.425 INFO  (qtp1415289182-53-null-126) [c: s: r: x:restaurant t:null-126] o.a.s.u.p.LogUpdateProcessorFactory webapp=/solr path=/update params={waitSearcher=true&commit=true&softCommit=false&wt=javabin&version=2}{commit=} 0 69
2024-03-17 18:51:15.597 INFO  (qtp1415289182-57-null-127) [c: s: r: x:restaurant t:null-127] o.a.s.c.S.Request webapp=/solr path=/select params={q=id:32ebcc82\-d5c6\-40db\-9e97\-d8812c1ad5c0&start=0&rows=1&wt=javabin&version=2} hits=1 status=0 QTime=2
2024-03-17 18:51:15.616 INFO  (qtp1415289182-53-null-128) [c: s: r: x:restaurant t:null-128] o.a.s.u.p.LogUpdateProcessorFactory webapp=/solr path=/update params={wt=javabin&version=2}{add=[32ebcc82-d5c6-40db-9e97-d8812c1ad5c0 (1793800510485037056)]} 0 12
2024-03-17 18:51:15.683 INFO  (searcherExecutor-17-thread-1-processing-restaurant null-129) [c: s: r: x:restaurant t:null-129] o.a.s.c.QuerySenderListener QuerySenderListener done.
2024-03-17 18:51:15.690 INFO  (searcherExecutor-17-thread-1-processing-restaurant null-129) [c: s: r: x:restaurant t:null-129] o.a.s.c.SolrCore Registered new searcher autowarm time: 0 ms
2024-03-17 18:51:15.696 INFO  (qtp1415289182-57-null-129) [c: s: r: x:restaurant t:null-129] o.a.s.u.p.LogUpdateProcessorFactory webapp=/solr path=/update params={waitSearcher=true&commit=true&softCommit=false&wt=javabin&version=2}{commit=} 0 74
2024-03-17 18:51:32.279 INFO  (qtp1415289182-53-null-130) [c: s: r: x:restaurant t:null-130] o.a.s.c.S.Request webapp=/solr path=/select params={q=id:e573d68e\-a145\-483e\-ab4d\-c772b7526057&start=0&rows=1&wt=javabin&version=2} hits=1 status=0 QTime=6
2024-03-17 18:51:32.302 INFO  (qtp1415289182-57-null-131) [c: s: r: x:restaurant t:null-131] o.a.s.u.p.LogUpdateProcessorFactory webapp=/solr path=/update params={wt=javabin&version=2}{add=[e573d68e-a145-483e-ab4d-c772b7526057 (1793800527980527616)]} 0 14
2024-03-17 18:51:32.363 INFO  (searcherExecutor-17-thread-1-processing-restaurant null-132) [c: s: r: x:restaurant t:null-132] o.a.s.c.QuerySenderListener QuerySenderListener done.
2024-03-17 18:51:32.370 INFO  (searcherExecutor-17-thread-1-processing-restaurant null-132) [c: s: r: x:restaurant t:null-132] o.a.s.c.SolrCore Registered new searcher autowarm time: 0 ms
2024-03-17 18:51:32.371 INFO  (qtp1415289182-53-null-132) [c: s: r: x:restaurant t:null-132] o.a.s.u.p.LogUpdateProcessorFactory webapp=/solr path=/update params={waitSearcher=true&commit=true&softCommit=false&wt=javabin&version=2}{commit=} 0 65
2024-03-17 18:51:32.934 INFO  (qtp1415289182-57-null-133) [c: s: r: x:restaurant t:null-133] o.a.s.c.S.Request webapp=/solr path=/select params={q=id:e573d68e\-a145\-483e\-ab4d\-c772b7526057&start=0&rows=1&wt=javabin&version=2} hits=1 status=0 QTime=2
2024-03-17 18:51:32.964 INFO  (qtp1415289182-53-null-134) [c: s: r: x:restaurant t:null-134] o.a.s.u.p.LogUpdateProcessorFactory webapp=/solr path=/update params={wt=javabin&version=2}{add=[e573d68e-a145-483e-ab4d-c772b7526057 (1793800528664199168)]} 0 22
2024-03-17 18:51:33.011 INFO  (searcherExecutor-17-thread-1-processing-restaurant null-135) [c: s: r: x:restaurant t:null-135] o.a.s.c.QuerySenderListener QuerySenderListener done.
2024-03-17 18:51:33.017 INFO  (searcherExecutor-17-thread-1-processing-restaurant null-135) [c: s: r: x:restaurant t:null-135] o.a.s.c.SolrCore Registered new searcher autowarm time: 0 ms
2024-03-17 18:51:33.024 INFO  (qtp1415289182-57-null-135) [c: s: r: x:restaurant t:null-135] o.a.s.u.p.LogUpdateProcessorFactory webapp=/solr path=/update params={waitSearcher=true&commit=true&softCommit=false&wt=javabin&version=2}{commit=} 0 57
2024-03-17 18:51:35.524 INFO  (qtp1415289182-53-null-136) [c: s: r: x:restaurant t:null-136] o.a.s.c.S.Request webapp=/solr path=/select params={q=id:e573d68e\-a145\-483e\-ab4d\-c772b7526057&start=0&rows=1&wt=javabin&version=2} hits=1 status=0 QTime=1
2024-03-17 18:51:35.552 INFO  (qtp1415289182-57-null-137) [c: s: r: x:restaurant t:null-137] o.a.s.u.p.LogUpdateProcessorFactory webapp=/solr path=/update params={wt=javabin&version=2}{add=[e573d68e-a145-483e-ab4d-c772b7526057 (1793800531376865280)]} 0 23
2024-03-17 18:51:35.605 INFO  (searcherExecutor-17-thread-1-processing-restaurant null-138) [c: s: r: x:restaurant t:null-138] o.a.s.c.QuerySenderListener QuerySenderListener done.
2024-03-17 18:51:35.609 INFO  (searcherExecutor-17-thread-1-processing-restaurant null-138) [c: s: r: x:restaurant t:null-138] o.a.s.c.SolrCore Registered new searcher autowarm time: 0 ms
2024-03-17 18:51:35.615 INFO  (qtp1415289182-53-null-138) [c: s: r: x:restaurant t:null-138] o.a.s.u.p.LogUpdateProcessorFactory webapp=/solr path=/update params={waitSearcher=true&commit=true&softCommit=false&wt=javabin&version=2}{commit=} 0 59
2024-03-17 18:51:50.594 INFO  (qtp1415289182-57-null-139) [c: s: r: x:restaurant t:null-139] o.a.s.c.S.Request webapp=/solr path=/select params={q=id:c825ad67\-430e\-4784\-92ce\-a5e6cbac92ee&start=0&rows=1&wt=javabin&version=2} hits=1 status=0 QTime=24
2024-03-17 18:51:50.627 INFO  (qtp1415289182-53-null-140) [c: s: r: x:restaurant t:null-140] o.a.s.u.p.LogUpdateProcessorFactory webapp=/solr path=/update params={wt=javabin&version=2}{add=[c825ad67-430e-4784-92ce-a5e6cbac92ee (1793800547191488512)]} 0 18
2024-03-17 18:51:50.693 INFO  (searcherExecutor-17-thread-1-processing-restaurant null-141) [c: s: r: x:restaurant t:null-141] o.a.s.c.QuerySenderListener QuerySenderListener done.
2024-03-17 18:51:50.699 INFO  (searcherExecutor-17-thread-1-processing-restaurant null-141) [c: s: r: x:restaurant t:null-141] o.a.s.c.SolrCore Registered new searcher autowarm time: 0 ms
2024-03-17 18:51:50.700 INFO  (qtp1415289182-57-null-141) [c: s: r: x:restaurant t:null-141] o.a.s.u.p.LogUpdateProcessorFactory webapp=/solr path=/update params={waitSearcher=true&commit=true&softCommit=false&wt=javabin&version=2}{commit=} 0 68
2024-03-17 18:51:50.913 INFO  (qtp1415289182-53-null-142) [c: s: r: x:restaurant t:null-142] o.a.s.c.S.Request webapp=/solr path=/select params={q=id:c825ad67\-430e\-4784\-92ce\-a5e6cbac92ee&start=0&rows=1&wt=javabin&version=2} hits=1 status=0 QTime=3
2024-03-17 18:51:50.936 INFO  (qtp1415289182-57-null-143) [c: s: r: x:restaurant t:null-143] o.a.s.u.p.LogUpdateProcessorFactory webapp=/solr path=/update params={wt=javabin&version=2}{add=[c825ad67-430e-4784-92ce-a5e6cbac92ee (1793800547514449920)]} 0 17
2024-03-17 18:51:51.002 INFO  (searcherExecutor-17-thread-1-processing-restaurant null-144) [c: s: r: x:restaurant t:null-144] o.a.s.c.QuerySenderListener QuerySenderListener done.
2024-03-17 18:51:51.006 INFO  (searcherExecutor-17-thread-1-processing-restaurant null-144) [c: s: r: x:restaurant t:null-144] o.a.s.c.SolrCore Registered new searcher autowarm time: 0 ms
2024-03-17 18:51:51.011 INFO  (qtp1415289182-53-null-144) [c: s: r: x:restaurant t:null-144] o.a.s.u.p.LogUpdateProcessorFactory webapp=/solr path=/update params={waitSearcher=true&commit=true&softCommit=false&wt=javabin&version=2}{commit=} 0 67
2024-03-17 18:51:51.096 INFO  (qtp1415289182-57-null-145) [c: s: r: x:restaurant t:null-145] o.a.s.c.S.Request webapp=/solr path=/select params={q=id:c825ad67\-430e\-4784\-92ce\-a5e6cbac92ee&start=0&rows=1&wt=javabin&version=2} hits=1 status=0 QTime=1
2024-03-17 18:51:51.107 INFO  (qtp1415289182-53-null-146) [c: s: r: x:restaurant t:null-146] o.a.s.u.p.LogUpdateProcessorFactory webapp=/solr path=/update params={wt=javabin&version=2}{add=[c825ad67-430e-4784-92ce-a5e6cbac92ee (1793800547704242176)]} 0 6
2024-03-17 18:51:51.179 INFO  (searcherExecutor-17-thread-1-processing-restaurant null-147) [c: s: r: x:restaurant t:null-147] o.a.s.c.QuerySenderListener QuerySenderListener done.
2024-03-17 18:51:51.187 INFO  (searcherExecutor-17-thread-1-processing-restaurant null-147) [c: s: r: x:restaurant t:null-147] o.a.s.c.SolrCore Registered new searcher autowarm time: 0 ms
2024-03-17 18:51:51.197 INFO  (qtp1415289182-57-null-147) [c: s: r: x:restaurant t:null-147] o.a.s.u.p.LogUpdateProcessorFactory webapp=/solr path=/update params={waitSearcher=true&commit=true&softCommit=false&wt=javabin&version=2}{commit=} 0 88
2024-03-17 18:51:51.317 INFO  (qtp1415289182-53-null-148) [c: s: r: x:restaurant t:null-148] o.a.s.c.S.Request webapp=/solr path=/select params={q=id:c825ad67\-430e\-4784\-92ce\-a5e6cbac92ee&start=0&rows=1&wt=javabin&version=2} hits=1 status=0 QTime=3
2024-03-17 18:51:51.330 INFO  (qtp1415289182-57-null-149) [c: s: r: x:restaurant t:null-149] o.a.s.u.p.LogUpdateProcessorFactory webapp=/solr path=/update params={wt=javabin&version=2}{add=[c825ad67-430e-4784-92ce-a5e6cbac92ee (1793800547935977472)]} 0 8
2024-03-17 18:51:51.422 INFO  (searcherExecutor-17-thread-1-processing-restaurant null-150) [c: s: r: x:restaurant t:null-150] o.a.s.c.QuerySenderListener QuerySenderListener done.
2024-03-17 18:51:51.431 INFO  (searcherExecutor-17-thread-1-processing-restaurant null-150) [c: s: r: x:restaurant t:null-150] o.a.s.c.SolrCore Registered new searcher autowarm time: 0 ms
2024-03-17 18:51:51.440 INFO  (qtp1415289182-53-null-150) [c: s: r: x:restaurant t:null-150] o.a.s.u.p.LogUpdateProcessorFactory webapp=/solr path=/update params={waitSearcher=true&commit=true&softCommit=false&wt=javabin&version=2}{commit=} 0 107
2024-03-17 18:51:51.607 INFO  (qtp1415289182-57-null-151) [c: s: r: x:restaurant t:null-151] o.a.s.c.S.Request webapp=/solr path=/select params={q=id:c825ad67\-430e\-4784\-92ce\-a5e6cbac92ee&start=0&rows=1&wt=javabin&version=2} hits=1 status=0 QTime=2
2024-03-17 18:51:51.624 INFO  (qtp1415289182-53-null-152) [c: s: r: x:restaurant t:null-152] o.a.s.u.p.LogUpdateProcessorFactory webapp=/solr path=/update params={wt=javabin&version=2}{add=[c825ad67-430e-4784-92ce-a5e6cbac92ee (1793800548241113088)]} 0 11
2024-03-17 18:51:51.676 INFO  (searcherExecutor-17-thread-1-processing-restaurant null-153) [c: s: r: x:restaurant t:null-153] o.a.s.c.QuerySenderListener QuerySenderListener done.
2024-03-17 18:51:51.683 INFO  (searcherExecutor-17-thread-1-processing-restaurant null-153) [c: s: r: x:restaurant t:null-153] o.a.s.c.SolrCore Registered new searcher autowarm time: 0 ms
2024-03-17 18:51:51.689 INFO  (qtp1415289182-57-null-153) [c: s: r: x:restaurant t:null-153] o.a.s.u.p.LogUpdateProcessorFactory webapp=/solr path=/update params={waitSearcher=true&commit=true&softCommit=false&wt=javabin&version=2}{commit=} 0 62
2024-03-17 18:52:03.506 INFO  (qtp1415289182-53-null-154) [c: s: r: x:restaurant t:null-154] o.a.s.c.S.Request webapp=/solr path=/select params={q=id:7dc0e40b\-6cf8\-4f6e\-a720\-8709ae5872d1&start=0&rows=1&wt=javabin&version=2} hits=1 status=0 QTime=12
2024-03-17 18:52:03.538 INFO  (qtp1415289182-57-null-155) [c: s: r: x:restaurant t:null-155] o.a.s.u.p.LogUpdateProcessorFactory webapp=/solr path=/update params={wt=javabin&version=2}{add=[7dc0e40b-6cf8-4f6e-a720-8709ae5872d1 (1793800560728604672)]} 0 19
2024-03-17 18:52:03.736 INFO  (searcherExecutor-17-thread-1-processing-restaurant null-156) [c: s: r: x:restaurant t:null-156] o.a.s.c.QuerySenderListener QuerySenderListener done.
2024-03-17 18:52:03.745 INFO  (searcherExecutor-17-thread-1-processing-restaurant null-156) [c: s: r: x:restaurant t:null-156] o.a.s.c.SolrCore Registered new searcher autowarm time: 0 ms
2024-03-17 18:52:03.793 INFO  (qtp1415289182-53-null-156) [c: s: r: x:restaurant t:null-156] o.a.s.u.p.LogUpdateProcessorFactory webapp=/solr path=/update params={waitSearcher=true&commit=true&softCommit=false&wt=javabin&version=2}{commit=} 0 251
2024-03-17 18:52:06.545 INFO  (qtp1415289182-57-null-157) [c: s: r: x:restaurant t:null-157] o.a.s.c.S.Request webapp=/solr path=/select params={q=id:7dc0e40b\-6cf8\-4f6e\-a720\-8709ae5872d1&start=0&rows=1&wt=javabin&version=2} hits=1 status=0 QTime=2
2024-03-17 18:52:06.563 INFO  (qtp1415289182-53-null-158) [c: s: r: x:restaurant t:null-158] o.a.s.u.p.LogUpdateProcessorFactory webapp=/solr path=/update params={wt=javabin&version=2}{add=[7dc0e40b-6cf8-4f6e-a720-8709ae5872d1 (1793800563903692800)]} 0 13
2024-03-17 18:52:06.627 INFO  (searcherExecutor-17-thread-1-processing-restaurant null-159) [c: s: r: x:restaurant t:null-159] o.a.s.c.QuerySenderListener QuerySenderListener done.
2024-03-17 18:52:06.635 INFO  (searcherExecutor-17-thread-1-processing-restaurant null-159) [c: s: r: x:restaurant t:null-159] o.a.s.c.SolrCore Registered new searcher autowarm time: 0 ms
2024-03-17 18:52:06.636 INFO  (qtp1415289182-57-null-159) [c: s: r: x:restaurant t:null-159] o.a.s.u.p.LogUpdateProcessorFactory webapp=/solr path=/update params={waitSearcher=true&commit=true&softCommit=false&wt=javabin&version=2}{commit=} 0 69
2024-03-17 18:52:06.805 INFO  (qtp1415289182-53-null-160) [c: s: r: x:restaurant t:null-160] o.a.s.c.S.Request webapp=/solr path=/select params={q=id:7dc0e40b\-6cf8\-4f6e\-a720\-8709ae5872d1&start=0&rows=1&wt=javabin&version=2} hits=1 status=0 QTime=3
2024-03-17 18:52:06.821 INFO  (qtp1415289182-57-null-161) [c: s: r: x:restaurant t:null-161] o.a.s.u.p.LogUpdateProcessorFactory webapp=/solr path=/update params={wt=javabin&version=2}{add=[7dc0e40b-6cf8-4f6e-a720-8709ae5872d1 (1793800564177371136)]} 0 11
2024-03-17 18:52:06.875 INFO  (searcherExecutor-17-thread-1-processing-restaurant null-162) [c: s: r: x:restaurant t:null-162] o.a.s.c.QuerySenderListener QuerySenderListener done.
2024-03-17 18:52:06.883 INFO  (searcherExecutor-17-thread-1-processing-restaurant null-162) [c: s: r: x:restaurant t:null-162] o.a.s.c.SolrCore Registered new searcher autowarm time: 0 ms
2024-03-17 18:52:06.890 INFO  (qtp1415289182-53-null-162) [c: s: r: x:restaurant t:null-162] o.a.s.u.p.LogUpdateProcessorFactory webapp=/solr path=/update params={waitSearcher=true&commit=true&softCommit=false&wt=javabin&version=2}{commit=} 0 65
2024-03-17 18:52:07.042 INFO  (qtp1415289182-57-null-163) [c: s: r: x:restaurant t:null-163] o.a.s.c.S.Request webapp=/solr path=/select params={q=id:7dc0e40b\-6cf8\-4f6e\-a720\-8709ae5872d1&start=0&rows=1&wt=javabin&version=2} hits=1 status=0 QTime=1
2024-03-17 18:52:07.055 INFO  (qtp1415289182-53-null-164) [c: s: r: x:restaurant t:null-164] o.a.s.u.p.LogUpdateProcessorFactory webapp=/solr path=/update params={wt=javabin&version=2}{add=[7dc0e40b-6cf8-4f6e-a720-8709ae5872d1 (1793800564423786496)]} 0 9
2024-03-17 18:52:07.100 INFO  (searcherExecutor-17-thread-1-processing-restaurant null-165) [c: s: r: x:restaurant t:null-165] o.a.s.c.QuerySenderListener QuerySenderListener done.
2024-03-17 18:52:07.107 INFO  (searcherExecutor-17-thread-1-processing-restaurant null-165) [c: s: r: x:restaurant t:null-165] o.a.s.c.SolrCore Registered new searcher autowarm time: 0 ms
2024-03-17 18:52:07.115 INFO  (qtp1415289182-57-null-165) [c: s: r: x:restaurant t:null-165] o.a.s.u.p.LogUpdateProcessorFactory webapp=/solr path=/update params={waitSearcher=true&commit=true&softCommit=false&wt=javabin&version=2}{commit=} 0 57
2024-03-17 18:52:07.259 INFO  (qtp1415289182-53-null-166) [c: s: r: x:restaurant t:null-166] o.a.s.c.S.Request webapp=/solr path=/select params={q=id:7dc0e40b\-6cf8\-4f6e\-a720\-8709ae5872d1&start=0&rows=1&wt=javabin&version=2} hits=1 status=0 QTime=2
2024-03-17 18:52:07.274 INFO  (qtp1415289182-57-null-167) [c: s: r: x:restaurant t:null-167] o.a.s.u.p.LogUpdateProcessorFactory webapp=/solr path=/update params={wt=javabin&version=2}{add=[7dc0e40b-6cf8-4f6e-a720-8709ae5872d1 (1793800564651327488)]} 0 11
2024-03-17 18:52:07.321 INFO  (searcherExecutor-17-thread-1-processing-restaurant null-168) [c: s: r: x:restaurant t:null-168] o.a.s.c.QuerySenderListener QuerySenderListener done.
2024-03-17 18:52:07.333 INFO  (searcherExecutor-17-thread-1-processing-restaurant null-168) [c: s: r: x:restaurant t:null-168] o.a.s.c.SolrCore Registered new searcher autowarm time: 0 ms
2024-03-17 18:52:07.338 INFO  (qtp1415289182-53-null-168) [c: s: r: x:restaurant t:null-168] o.a.s.u.p.LogUpdateProcessorFactory webapp=/solr path=/update params={waitSearcher=true&commit=true&softCommit=false&wt=javabin&version=2}{commit=} 0 62
2024-03-17 18:52:23.771 INFO  (qtp1415289182-57-null-169) [c: s: r: x:restaurant t:null-169] o.a.s.c.S.Request webapp=/solr path=/select params={q=id:2331cf5b\-1f51\-45bf\-8d09\-5a697fe8b8aa&start=0&rows=1&wt=javabin&version=2} hits=1 status=0 QTime=10
2024-03-17 18:52:23.822 INFO  (qtp1415289182-53-null-170) [c: s: r: x:restaurant t:null-170] o.a.s.u.p.LogUpdateProcessorFactory webapp=/solr path=/update params={wt=javabin&version=2}{add=[2331cf5b-1f51-45bf-8d09-5a697fe8b8aa (1793800581990580224)]} 0 29
2024-03-17 18:52:23.885 INFO  (searcherExecutor-17-thread-1-processing-restaurant null-171) [c: s: r: x:restaurant t:null-171] o.a.s.c.QuerySenderListener QuerySenderListener done.
2024-03-17 18:52:23.892 INFO  (searcherExecutor-17-thread-1-processing-restaurant null-171) [c: s: r: x:restaurant t:null-171] o.a.s.c.SolrCore Registered new searcher autowarm time: 0 ms
2024-03-17 18:52:23.894 INFO  (qtp1415289182-57-null-171) [c: s: r: x:restaurant t:null-171] o.a.s.u.p.LogUpdateProcessorFactory webapp=/solr path=/update params={waitSearcher=true&commit=true&softCommit=false&wt=javabin&version=2}{commit=} 0 69
2024-03-17 18:52:23.952 INFO  (qtp1415289182-53-null-172) [c: s: r: x:restaurant t:null-172] o.a.s.c.S.Request webapp=/solr path=/select params={q=id:2331cf5b\-1f51\-45bf\-8d09\-5a697fe8b8aa&start=0&rows=1&wt=javabin&version=2} hits=1 status=0 QTime=1
2024-03-17 18:52:23.962 INFO  (qtp1415289182-57-null-173) [c: s: r: x:restaurant t:null-173] o.a.s.u.p.LogUpdateProcessorFactory webapp=/solr path=/update params={wt=javabin&version=2}{add=[2331cf5b-1f51-45bf-8d09-5a697fe8b8aa (1793800582155206656)]} 0 6
2024-03-17 18:52:24.017 INFO  (searcherExecutor-17-thread-1-processing-restaurant null-174) [c: s: r: x:restaurant t:null-174] o.a.s.c.QuerySenderListener QuerySenderListener done.
2024-03-17 18:52:24.023 INFO  (searcherExecutor-17-thread-1-processing-restaurant null-174) [c: s: r: x:restaurant t:null-174] o.a.s.c.SolrCore Registered new searcher autowarm time: 0 ms
2024-03-17 18:52:24.030 INFO  (qtp1415289182-53-null-174) [c: s: r: x:restaurant t:null-174] o.a.s.u.p.LogUpdateProcessorFactory webapp=/solr path=/update params={waitSearcher=true&commit=true&softCommit=false&wt=javabin&version=2}{commit=} 0 66
2024-03-17 18:52:24.169 INFO  (qtp1415289182-57-null-175) [c: s: r: x:restaurant t:null-175] o.a.s.c.S.Request webapp=/solr path=/select params={q=id:2331cf5b\-1f51\-45bf\-8d09\-5a697fe8b8aa&start=0&rows=1&wt=javabin&version=2} hits=1 status=0 QTime=3
2024-03-17 18:52:24.185 INFO  (qtp1415289182-53-null-176) [c: s: r: x:restaurant t:null-176] o.a.s.u.p.LogUpdateProcessorFactory webapp=/solr path=/update params={wt=javabin&version=2}{add=[2331cf5b-1f51-45bf-8d09-5a697fe8b8aa (1793800582385893376)]} 0 9
2024-03-17 18:52:24.238 INFO  (searcherExecutor-17-thread-1-processing-restaurant null-177) [c: s: r: x:restaurant t:null-177] o.a.s.c.QuerySenderListener QuerySenderListener done.
2024-03-17 18:52:24.245 INFO  (searcherExecutor-17-thread-1-processing-restaurant null-177) [c: s: r: x:restaurant t:null-177] o.a.s.c.SolrCore Registered new searcher autowarm time: 0 ms
2024-03-17 18:52:24.251 INFO  (qtp1415289182-57-null-177) [c: s: r: x:restaurant t:null-177] o.a.s.u.p.LogUpdateProcessorFactory webapp=/solr path=/update params={waitSearcher=true&commit=true&softCommit=false&wt=javabin&version=2}{commit=} 0 62
2024-03-17 18:52:26.280 INFO  (qtp1415289182-53-null-178) [c: s: r: x:restaurant t:null-178] o.a.s.c.S.Request webapp=/solr path=/select params={q=id:2331cf5b\-1f51\-45bf\-8d09\-5a697fe8b8aa&start=0&rows=1&wt=javabin&version=2} hits=1 status=0 QTime=4
2024-03-17 18:52:26.300 INFO  (qtp1415289182-57-null-179) [c: s: r: x:restaurant t:null-179] o.a.s.u.p.LogUpdateProcessorFactory webapp=/solr path=/update params={wt=javabin&version=2}{add=[2331cf5b-1f51-45bf-8d09-5a697fe8b8aa (1793800584600485888)]} 0 13
2024-03-17 18:52:26.367 INFO  (searcherExecutor-17-thread-1-processing-restaurant null-180) [c: s: r: x:restaurant t:null-180] o.a.s.c.QuerySenderListener QuerySenderListener done.
2024-03-17 18:52:26.372 INFO  (searcherExecutor-17-thread-1-processing-restaurant null-180) [c: s: r: x:restaurant t:null-180] o.a.s.c.SolrCore Registered new searcher autowarm time: 0 ms
2024-03-17 18:52:26.379 INFO  (qtp1415289182-53-null-180) [c: s: r: x:restaurant t:null-180] o.a.s.u.p.LogUpdateProcessorFactory webapp=/solr path=/update params={waitSearcher=true&commit=true&softCommit=false&wt=javabin&version=2}{commit=} 0 76
2024-03-17 18:52:39.802 INFO  (qtp1415289182-57-null-181) [c: s: r: x:restaurant t:null-181] o.a.s.c.S.Request webapp=/solr path=/select params={q=id:81344121\-7b49\-470b\-b67d\-fe1f85c71773&start=0&rows=1&wt=javabin&version=2} hits=1 status=0 QTime=10
2024-03-17 18:52:39.842 INFO  (qtp1415289182-53-null-182) [c: s: r: x:restaurant t:null-182] o.a.s.u.p.LogUpdateProcessorFactory webapp=/solr path=/update params={wt=javabin&version=2}{add=[81344121-7b49-470b-b67d-fe1f85c71773 (1793800598798204928)]} 0 17
2024-03-17 18:52:39.916 INFO  (searcherExecutor-17-thread-1-processing-restaurant null-183) [c: s: r: x:restaurant t:null-183] o.a.s.c.QuerySenderListener QuerySenderListener done.
2024-03-17 18:52:39.924 INFO  (searcherExecutor-17-thread-1-processing-restaurant null-183) [c: s: r: x:restaurant t:null-183] o.a.s.c.SolrCore Registered new searcher autowarm time: 0 ms
2024-03-17 18:52:39.926 INFO  (qtp1415289182-57-null-183) [c: s: r: x:restaurant t:null-183] o.a.s.u.p.LogUpdateProcessorFactory webapp=/solr path=/update params={waitSearcher=true&commit=true&softCommit=false&wt=javabin&version=2}{commit=} 0 81
2024-03-17 18:52:57.174 INFO  (qtp1415289182-53-null-184) [c: s: r: x:restaurant t:null-184] o.a.s.c.S.Request webapp=/solr path=/select params={q=id:0d8e67bf\-2031\-429e\-ac38\-3199f13c731f&start=0&rows=1&wt=javabin&version=2} hits=1 status=0 QTime=19
2024-03-17 18:52:57.201 INFO  (qtp1415289182-57-null-185) [c: s: r: x:restaurant t:null-185] o.a.s.u.p.LogUpdateProcessorFactory webapp=/solr path=/update params={wt=javabin&version=2}{add=[0d8e67bf-2031-429e-ac38-3199f13c731f (1793800617000435712)]} 0 18
2024-03-17 18:52:57.301 INFO  (searcherExecutor-17-thread-1-processing-restaurant null-186) [c: s: r: x:restaurant t:null-186] o.a.s.c.QuerySenderListener QuerySenderListener done.
2024-03-17 18:52:57.310 INFO  (searcherExecutor-17-thread-1-processing-restaurant null-186) [c: s: r: x:restaurant t:null-186] o.a.s.c.SolrCore Registered new searcher autowarm time: 0 ms
2024-03-17 18:52:57.342 INFO  (qtp1415289182-53-null-186) [c: s: r: x:restaurant t:null-186] o.a.s.u.p.LogUpdateProcessorFactory webapp=/solr path=/update params={waitSearcher=true&commit=true&softCommit=false&wt=javabin&version=2}{commit=} 0 136
2024-03-17 18:52:57.522 INFO  (qtp1415289182-57-null-187) [c: s: r: x:restaurant t:null-187] o.a.s.c.S.Request webapp=/solr path=/select params={q=id:0d8e67bf\-2031\-429e\-ac38\-3199f13c731f&start=0&rows=1&wt=javabin&version=2} hits=1 status=0 QTime=2
2024-03-17 18:52:57.573 INFO  (qtp1415289182-53-null-188) [c: s: r: x:restaurant t:null-188] o.a.s.u.p.LogUpdateProcessorFactory webapp=/solr path=/update params={wt=javabin&version=2}{add=[0d8e67bf-2031-429e-ac38-3199f13c731f (1793800617356951552)]} 0 47
2024-03-17 18:52:57.620 INFO  (searcherExecutor-17-thread-1-processing-restaurant null-189) [c: s: r: x:restaurant t:null-189] o.a.s.c.QuerySenderListener QuerySenderListener done.
2024-03-17 18:52:57.634 INFO  (searcherExecutor-17-thread-1-processing-restaurant null-189) [c: s: r: x:restaurant t:null-189] o.a.s.c.SolrCore Registered new searcher autowarm time: 0 ms
2024-03-17 18:52:57.634 INFO  (qtp1415289182-57-null-189) [c: s: r: x:restaurant t:null-189] o.a.s.u.p.LogUpdateProcessorFactory webapp=/solr path=/update params={waitSearcher=true&commit=true&softCommit=false&wt=javabin&version=2}{commit=} 0 59
2024-03-17 18:52:57.827 INFO  (qtp1415289182-53-null-190) [c: s: r: x:restaurant t:null-190] o.a.s.c.S.Request webapp=/solr path=/select params={q=id:0d8e67bf\-2031\-429e\-ac38\-3199f13c731f&start=0&rows=1&wt=javabin&version=2} hits=1 status=0 QTime=3
2024-03-17 18:52:57.850 INFO  (qtp1415289182-57-null-191) [c: s: r: x:restaurant t:null-191] o.a.s.u.p.LogUpdateProcessorFactory webapp=/solr path=/update params={wt=javabin&version=2}{add=[0d8e67bf-2031-429e-ac38-3199f13c731f (1793800617682010112)]} 0 15
2024-03-17 18:52:57.895 INFO  (searcherExecutor-17-thread-1-processing-restaurant null-192) [c: s: r: x:restaurant t:null-192] o.a.s.c.QuerySenderListener QuerySenderListener done.
2024-03-17 18:52:57.900 INFO  (searcherExecutor-17-thread-1-processing-restaurant null-192) [c: s: r: x:restaurant t:null-192] o.a.s.c.SolrCore Registered new searcher autowarm time: 0 ms
2024-03-17 18:52:57.906 INFO  (qtp1415289182-53-null-192) [c: s: r: x:restaurant t:null-192] o.a.s.u.p.LogUpdateProcessorFactory webapp=/solr path=/update params={waitSearcher=true&commit=true&softCommit=false&wt=javabin&version=2}{commit=} 0 51
2024-03-17 18:52:58.234 INFO  (qtp1415289182-57-null-193) [c: s: r: x:restaurant t:null-193] o.a.s.c.S.Request webapp=/solr path=/select params={q=id:0d8e67bf\-2031\-429e\-ac38\-3199f13c731f&start=0&rows=1&wt=javabin&version=2} hits=1 status=0 QTime=0
2024-03-17 18:52:58.243 INFO  (qtp1415289182-53-null-194) [c: s: r: x:restaurant t:null-194] o.a.s.u.p.LogUpdateProcessorFactory webapp=/solr path=/update params={wt=javabin&version=2}{add=[0d8e67bf-2031-429e-ac38-3199f13c731f (1793800618101440512)]} 0 5
2024-03-17 18:52:58.304 INFO  (searcherExecutor-17-thread-1-processing-restaurant null-195) [c: s: r: x:restaurant t:null-195] o.a.s.c.QuerySenderListener QuerySenderListener done.
2024-03-17 18:52:58.308 INFO  (searcherExecutor-17-thread-1-processing-restaurant null-195) [c: s: r: x:restaurant t:null-195] o.a.s.c.SolrCore Registered new searcher autowarm time: 0 ms
2024-03-17 18:52:58.316 INFO  (qtp1415289182-57-null-195) [c: s: r: x:restaurant t:null-195] o.a.s.u.p.LogUpdateProcessorFactory webapp=/solr path=/update params={waitSearcher=true&commit=true&softCommit=false&wt=javabin&version=2}{commit=} 0 71
2024-03-17 18:53:08.124 INFO  (qtp1415289182-53-null-196) [c: s: r: x:restaurant t:null-196] o.a.s.c.S.Request webapp=/solr path=/select params={q=*:*&start=0&rows=0&wt=javabin&version=2} hits=15 status=0 QTime=6
2024-03-17 18:53:08.134 INFO  (qtp1415289182-57-null-197) [c: s: r: x:restaurant t:null-197] o.a.s.c.S.Request webapp=/solr path=/select params={q=*:*&start=0&rows=15&wt=javabin&version=2} hits=15 status=0 QTime=3
2024-03-17 18:53:28.362 INFO  (qtp1415289182-53-null-198) [c: s: r: x:restaurant t:null-198] o.a.s.c.S.Request webapp=/solr path=/select params={q=*:*&start=0&rows=0&wt=javabin&version=2} hits=15 status=0 QTime=3
2024-03-17 18:53:28.367 INFO  (qtp1415289182-57-null-199) [c: s: r: x:restaurant t:null-199] o.a.s.c.S.Request webapp=/solr path=/select params={q=*:*&start=0&rows=15&wt=javabin&version=2} hits=15 status=0 QTime=0
2024-03-17 19:08:12.384 INFO  (qtp1415289182-53-null-200) [c: s: r: x:restaurant t:null-200] o.a.s.c.S.Request webapp=/solr path=/select params={q=*:*&start=0&rows=0&wt=javabin&version=2} hits=15 status=0 QTime=10
2024-03-17 19:08:12.391 INFO  (qtp1415289182-18-null-201) [c: s: r: x:restaurant t:null-201] o.a.s.c.S.Request webapp=/solr path=/select params={q=*:*&start=0&rows=15&wt=javabin&version=2} hits=15 status=0 QTime=0
2024-03-17 19:12:24.520 INFO  (qtp1415289182-55-null-202) [c: s: r: x:restaurant t:null-202] o.a.s.c.S.Request webapp=/solr path=/select params={q=*:*&start=0&rows=0&wt=javabin&version=2} hits=15 status=0 QTime=8
2024-03-17 19:12:24.538 INFO  (qtp1415289182-20-null-203) [c: s: r: x:restaurant t:null-203] o.a.s.c.S.Request webapp=/solr path=/select params={q=*:*&start=0&rows=15&wt=javabin&version=2} hits=15 status=0 QTime=1
2024-03-17 19:14:27.342 INFO  (qtp1415289182-23-null-204) [c: s: r: x:restaurant t:null-204] o.a.s.c.S.Request webapp=/solr path=/select params={q=*:*&start=0&rows=0&wt=javabin&version=2} hits=15 status=0 QTime=4
2024-03-17 19:14:27.348 INFO  (qtp1415289182-25-null-205) [c: s: r: x:restaurant t:null-205] o.a.s.c.S.Request webapp=/solr path=/select params={q=*:*&start=0&rows=15&wt=javabin&version=2} hits=15 status=0 QTime=0
2024-03-17 19:14:34.342 INFO  (qtp1415289182-23-null-206) [c: s: r: x:restaurant t:null-206] o.a.s.c.S.Request webapp=/solr path=/select params={q=*:*&start=0&rows=0&wt=javabin&version=2} hits=15 status=0 QTime=7
2024-03-17 19:14:34.363 INFO  (qtp1415289182-25-null-207) [c: s: r: x:restaurant t:null-207] o.a.s.c.S.Request webapp=/solr path=/select params={q=*:*&start=0&rows=15&wt=javabin&version=2} hits=15 status=0 QTime=0
2024-03-17 19:15:22.004 INFO  (qtp1415289182-23-null-208) [c: s: r: x:restaurant t:null-208] o.a.s.c.S.Request webapp=/solr path=/select params={q=*:*&start=0&rows=0&wt=javabin&version=2} hits=15 status=0 QTime=5
2024-03-17 19:15:22.015 INFO  (qtp1415289182-25-null-209) [c: s: r: x:restaurant t:null-209] o.a.s.c.S.Request webapp=/solr path=/select params={q=*:*&start=0&rows=15&wt=javabin&version=2} hits=15 status=0 QTime=2
2024-03-17 19:15:41.531 INFO  (qtp1415289182-23-null-210) [c: s: r: x:restaurant t:null-210] o.a.s.c.S.Request webapp=/solr path=/select params={q=*:*&start=0&rows=0&wt=javabin&version=2} hits=15 status=0 QTime=5
2024-03-17 19:15:41.537 INFO  (qtp1415289182-25-null-211) [c: s: r: x:restaurant t:null-211] o.a.s.c.S.Request webapp=/solr path=/select params={q=*:*&start=0&rows=15&wt=javabin&version=2} hits=15 status=0 QTime=0
2024-03-17 20:31:06.138 INFO  (qtp1415289182-53-null-212) [c: s: r: x:restaurant t:null-212] o.a.s.c.S.Request webapp=/solr path=/select params={q=*:*&start=0&rows=0&wt=javabin&version=2} hits=15 status=0 QTime=34
2024-03-17 20:31:06.171 INFO  (qtp1415289182-57-null-213) [c: s: r: x:restaurant t:null-213] o.a.s.c.S.Request webapp=/solr path=/select params={q=*:*&start=0&rows=15&wt=javabin&version=2} hits=15 status=0 QTime=0
2024-03-17 20:31:16.977 INFO  (qtp1415289182-24-null-214) [c: s: r: x:restaurant t:null-214] o.a.s.c.S.Request webapp=/solr path=/select params={q=id:4839311d\-181b\-424c\-be31\-37861fda0f5d&start=0&rows=1&wt=javabin&version=2} hits=1 status=0 QTime=28
2024-03-17 20:31:17.057 INFO  (qtp1415289182-57-null-215) [c: s: r: x:restaurant t:null-215] o.a.s.u.p.LogUpdateProcessorFactory webapp=/solr path=/update params={wt=javabin&version=2}{add=[4839311d-181b-424c-be31-37861fda0f5d (1793806803407994880)]} 0 71
2024-03-17 20:31:17.172 INFO  (searcherExecutor-17-thread-1-processing-restaurant null-216) [c: s: r: x:restaurant t:null-216] o.a.s.c.QuerySenderListener QuerySenderListener done.
2024-03-17 20:31:17.199 INFO  (searcherExecutor-17-thread-1-processing-restaurant null-216) [c: s: r: x:restaurant t:null-216] o.a.s.c.SolrCore Registered new searcher autowarm time: 0 ms
2024-03-17 20:31:17.204 INFO  (qtp1415289182-24-null-216) [c: s: r: x:restaurant t:null-216] o.a.s.u.p.LogUpdateProcessorFactory webapp=/solr path=/update params={waitSearcher=true&commit=true&softCommit=false&wt=javabin&version=2}{commit=} 0 143
2024-03-17 20:31:17.872 INFO  (qtp1415289182-57-null-217) [c: s: r: x:restaurant t:null-217] o.a.s.c.S.Request webapp=/solr path=/select params={q=id:4839311d\-181b\-424c\-be31\-37861fda0f5d&start=0&rows=1&wt=javabin&version=2} hits=1 status=0 QTime=6
2024-03-17 20:31:17.890 INFO  (qtp1415289182-24-null-218) [c: s: r: x:restaurant t:null-218] o.a.s.u.p.LogUpdateProcessorFactory webapp=/solr path=/update params={wt=javabin&version=2}{add=[4839311d-181b-424c-be31-37861fda0f5d (1793806804326547456)]} 0 10
2024-03-17 20:31:17.965 INFO  (searcherExecutor-17-thread-1-processing-restaurant null-219) [c: s: r: x:restaurant t:null-219] o.a.s.c.QuerySenderListener QuerySenderListener done.
2024-03-17 20:31:17.973 INFO  (searcherExecutor-17-thread-1-processing-restaurant null-219) [c: s: r: x:restaurant t:null-219] o.a.s.c.SolrCore Registered new searcher autowarm time: 0 ms
2024-03-17 20:31:17.982 INFO  (qtp1415289182-57-null-219) [c: s: r: x:restaurant t:null-219] o.a.s.u.p.LogUpdateProcessorFactory webapp=/solr path=/update params={waitSearcher=true&commit=true&softCommit=false&wt=javabin&version=2}{commit=} 0 87
2024-03-17 20:31:18.088 INFO  (qtp1415289182-24-null-220) [c: s: r: x:restaurant t:null-220] o.a.s.c.S.Request webapp=/solr path=/select params={q=id:4839311d\-181b\-424c\-be31\-37861fda0f5d&start=0&rows=1&wt=javabin&version=2} hits=1 status=0 QTime=1
2024-03-17 20:31:18.100 INFO  (qtp1415289182-57-null-221) [c: s: r: x:restaurant t:null-221] o.a.s.u.p.LogUpdateProcessorFactory webapp=/solr path=/update params={wt=javabin&version=2}{add=[4839311d-181b-424c-be31-37861fda0f5d (1793806804547796992)]} 0 8
2024-03-17 20:31:18.150 INFO  (searcherExecutor-17-thread-1-processing-restaurant null-222) [c: s: r: x:restaurant t:null-222] o.a.s.c.QuerySenderListener QuerySenderListener done.
2024-03-17 20:31:18.159 INFO  (searcherExecutor-17-thread-1-processing-restaurant null-222) [c: s: r: x:restaurant t:null-222] o.a.s.c.SolrCore Registered new searcher autowarm time: 0 ms
2024-03-17 20:31:18.167 INFO  (qtp1415289182-24-null-222) [c: s: r: x:restaurant t:null-222] o.a.s.u.p.LogUpdateProcessorFactory webapp=/solr path=/update params={waitSearcher=true&commit=true&softCommit=false&wt=javabin&version=2}{commit=} 0 62
2024-03-17 20:31:18.304 INFO  (qtp1415289182-57-null-223) [c: s: r: x:restaurant t:null-223] o.a.s.c.S.Request webapp=/solr path=/select params={q=id:4839311d\-181b\-424c\-be31\-37861fda0f5d&start=0&rows=1&wt=javabin&version=2} hits=1 status=0 QTime=1
2024-03-17 20:31:18.313 INFO  (qtp1415289182-24-null-224) [c: s: r: x:restaurant t:null-224] o.a.s.u.p.LogUpdateProcessorFactory webapp=/solr path=/update params={wt=javabin&version=2}{add=[4839311d-181b-424c-be31-37861fda0f5d (1793806804774289408)]} 0 5
2024-03-17 20:31:18.366 INFO  (searcherExecutor-17-thread-1-processing-restaurant null-225) [c: s: r: x:restaurant t:null-225] o.a.s.c.QuerySenderListener QuerySenderListener done.
2024-03-17 20:31:18.373 INFO  (searcherExecutor-17-thread-1-processing-restaurant null-225) [c: s: r: x:restaurant t:null-225] o.a.s.c.SolrCore Registered new searcher autowarm time: 0 ms
2024-03-17 20:31:18.380 INFO  (qtp1415289182-57-null-225) [c: s: r: x:restaurant t:null-225] o.a.s.u.p.LogUpdateProcessorFactory webapp=/solr path=/update params={waitSearcher=true&commit=true&softCommit=false&wt=javabin&version=2}{commit=} 0 65
2024-03-17 20:31:26.201 INFO  (qtp1415289182-24-null-226) [c: s: r: x:restaurant t:null-226] o.a.s.c.S.Request webapp=/solr path=/select params={q=id:4839311d\-181b\-424c\-be31\-37861fda0f5d&start=0&rows=1&wt=javabin&version=2} hits=1 status=0 QTime=5
2024-03-17 20:31:26.226 INFO  (qtp1415289182-57-null-227) [c: s: r: x:restaurant t:null-227] o.a.s.u.p.LogUpdateProcessorFactory webapp=/solr path=/update params={wt=javabin&version=2}{add=[4839311d-181b-424c-be31-37861fda0f5d (1793806813065379840)]} 0 13
2024-03-17 20:31:26.290 INFO  (searcherExecutor-17-thread-1-processing-restaurant null-228) [c: s: r: x:restaurant t:null-228] o.a.s.c.QuerySenderListener QuerySenderListener done.
2024-03-17 20:31:26.297 INFO  (searcherExecutor-17-thread-1-processing-restaurant null-228) [c: s: r: x:restaurant t:null-228] o.a.s.c.SolrCore Registered new searcher autowarm time: 0 ms
2024-03-17 20:31:26.305 INFO  (qtp1415289182-24-null-228) [c: s: r: x:restaurant t:null-228] o.a.s.u.p.LogUpdateProcessorFactory webapp=/solr path=/update params={waitSearcher=true&commit=true&softCommit=false&wt=javabin&version=2}{commit=} 0 76
2024-03-17 20:32:00.271 INFO  (qtp1415289182-57-null-229) [c: s: r: x:restaurant t:null-229] o.a.s.c.S.Request webapp=/solr path=/select params={q=*:*&start=0&rows=0&wt=javabin&version=2} hits=15 status=0 QTime=9
2024-03-17 20:32:00.287 INFO  (qtp1415289182-57-null-230) [c: s: r: x:restaurant t:null-230] o.a.s.c.S.Request webapp=/solr path=/select params={q=*:*&start=0&rows=15&wt=javabin&version=2} hits=15 status=0 QTime=5
2024-03-17 20:33:14.161 INFO  (qtp1415289182-24-null-231) [c: s: r: x:restaurant t:null-231] o.a.s.u.p.LogUpdateProcessorFactory webapp=/solr path=/update params={wt=javabin&version=2}{add=[8c6ec5b5-b59c-4a46-bc09-af1270fb51e3 (1793806926229798912)]} 0 33
2024-03-17 20:33:14.239 INFO  (searcherExecutor-17-thread-1-processing-restaurant null-232) [c: s: r: x:restaurant t:null-232] o.a.s.c.QuerySenderListener QuerySenderListener done.
2024-03-17 20:33:14.248 INFO  (searcherExecutor-17-thread-1-processing-restaurant null-232) [c: s: r: x:restaurant t:null-232] o.a.s.c.SolrCore Registered new searcher autowarm time: 0 ms
2024-03-17 20:33:14.249 INFO  (qtp1415289182-57-null-232) [c: s: r: x:restaurant t:null-232] o.a.s.u.p.LogUpdateProcessorFactory webapp=/solr path=/update params={waitSearcher=true&commit=true&softCommit=false&wt=javabin&version=2}{commit=} 0 82
2024-03-17 20:34:44.529 INFO  (qtp1415289182-18-null-233) [c: s: r: x:restaurant t:null-233] o.a.s.c.S.Request webapp=/solr path=/select params={q=*:*&start=0&rows=0&wt=javabin&version=2} hits=16 status=0 QTime=10
2024-03-17 20:34:44.555 INFO  (qtp1415289182-24-null-234) [c: s: r: x:restaurant t:null-234] o.a.s.c.S.Request webapp=/solr path=/select params={q=*:*&start=0&rows=16&wt=javabin&version=2} hits=16 status=0 QTime=1
2024-03-17 20:35:01.301 INFO  (qtp1415289182-18-null-235) [c: s: r: x:restaurant t:null-235] o.a.s.c.S.Request webapp=/solr path=/select params={q=id:8c6ec5b5\-b59c\-4a46\-bc09\-af1270fb51e3&start=0&rows=1&wt=javabin&version=2} hits=1 status=0 QTime=13
2024-03-17 20:35:01.347 INFO  (qtp1415289182-24-null-236) [c: s: r: x:restaurant t:null-236] o.a.s.u.p.LogUpdateProcessorFactory webapp=/solr path=/update params={wt=javabin&version=2}{add=[8c6ec5b5-b59c-4a46-bc09-af1270fb51e3 (1793807038631903232)]} 0 18
2024-03-17 20:35:01.420 INFO  (searcherExecutor-17-thread-1-processing-restaurant null-237) [c: s: r: x:restaurant t:null-237] o.a.s.c.QuerySenderListener QuerySenderListener done.
2024-03-17 20:35:01.429 INFO  (searcherExecutor-17-thread-1-processing-restaurant null-237) [c: s: r: x:restaurant t:null-237] o.a.s.c.SolrCore Registered new searcher autowarm time: 0 ms
2024-03-17 20:35:01.438 INFO  (qtp1415289182-18-null-237) [c: s: r: x:restaurant t:null-237] o.a.s.u.p.LogUpdateProcessorFactory webapp=/solr path=/update params={waitSearcher=true&commit=true&softCommit=false&wt=javabin&version=2}{commit=} 0 88
2024-03-17 20:35:09.190 INFO  (qtp1415289182-24-null-238) [c: s: r: x:restaurant t:null-238] o.a.s.c.S.Request webapp=/solr path=/select params={q=id:8c6ec5b5\-b59c\-4a46\-bc09\-af1270fb51e3&start=0&rows=1&wt=javabin&version=2} hits=1 status=0 QTime=8
2024-03-17 20:35:09.210 INFO  (qtp1415289182-18-null-239) [c: s: r: x:restaurant t:null-239] o.a.s.u.p.LogUpdateProcessorFactory webapp=/solr path=/update params={wt=javabin&version=2}{add=[8c6ec5b5-b59c-4a46-bc09-af1270fb51e3 (1793807046880002048)]} 0 13
2024-03-17 20:35:09.279 INFO  (searcherExecutor-17-thread-1-processing-restaurant null-240) [c: s: r: x:restaurant t:null-240] o.a.s.c.QuerySenderListener QuerySenderListener done.
2024-03-17 20:35:09.285 INFO  (searcherExecutor-17-thread-1-processing-restaurant null-240) [c: s: r: x:restaurant t:null-240] o.a.s.c.SolrCore Registered new searcher autowarm time: 0 ms
2024-03-17 20:35:09.290 INFO  (qtp1415289182-24-null-240) [c: s: r: x:restaurant t:null-240] o.a.s.u.p.LogUpdateProcessorFactory webapp=/solr path=/update params={waitSearcher=true&commit=true&softCommit=false&wt=javabin&version=2}{commit=} 0 77
